94025 20
94043 4
94058 4
94101 11
94159 5
94177 12
94215 3
94216 3
94229 4
94261 5
94346 4
94376 16
94412 13
94459 0
94474 15
94550 3
94560 15
94568 4
94572 3
94576 3
94578 14
94606 10
94638 11
94736 24
94749 0
94765 0
94795 23
94798 11
94804 5
94816 3
94955 15
95001 3
95002 0
95027 3
95114 11
95316 0
95347 0
95461 0
95472 4
95635 9
95753 5
95842 8
95888 9
95932 3
95968 3
96057 8
96102 13
96140 5
96197 16
96218 7
96262 3
96298 11
96351 8
96361 17
96406 9
96422 0
96448 0
96451 4
96482 9
96501 8
96513 0
96536 0
96541 7
96582 4
96605 8
96657 3
96717 0
96781 4
96866 0
96874 8
96903 3
96972 3
97000 6
97082 8
97170 0
97199 12
97207 13
97233 15
97293 0
97325 14
97360 13
97441 9
97473 13
97484 9
97552 7
97574 4
97577 4
97695 8
97701 11
97750 6
97757 18
97761 11
97779 15
97851 13
97865 0
97958 12
97973 7
97994 4
98008 12
98033 5
98086 18
98105 10
98155 8
98159 11
98178 9
98182 11
98188 7
98267 9
98332 11
98373 12
98408 8
98465 14
98479 8
98498 4
98551 3
98677 0
98702 13
98709 19
98769 9
98848 9
98904 11
98926 20
98950 4
98968 12
98970 20
99020 13
99029 9
99077 3
99089 17
99098 0
99111 12
99199 10
99227 3
99247 9
99283 4
99285 11
99304 10
99306 3
99310 4
99312 13
99338 12
99362 17
99379 12
99388 7
99403 4
99434 15
99468 16
99471 3
99472 3
99518 5
99706 0
99828 3
99863 11
