
Numero di misurazioni: 243
Misure:
Misura #1
	Istante t: 92
	Coord velocità: (0.58321, 0.383426, 0.695762, 0.169601, )
	Energia cinetica: 34.1209
	Massa: 0
Misura #2
	Istante t: 280
	Coord velocità: (0.203116, 0.699864, 0.683461, 0.0426077, )
	Energia cinetica: 37.1393
	Massa: 0
Misura #3
	Istante t: 132
	Coord velocità: (0.272594, 0.373935, 0.882675, 0.0821576, )
	Energia cinetica: 34.8996
	Massa: 0
Misura #4
	Istante t: 279
	Coord velocità: (0.562818, 0.665034, 0.475296, 0.122714, )
	Energia cinetica: 36.1248
	Massa: 0
Misura #5
	Istante t: 6
	Coord velocità: (0.406674, 0.460687, 0.625053, 0.481345, )
	Energia cinetica: 34.8218
	Massa: 0
Misura #6
	Istante t: 301
	Coord velocità: (0.661887, 0.370733, 0.538897, 0.366132, )
	Energia cinetica: 28.5991
	Massa: 0
Misura #7
	Istante t: 247
	Coord velocità: (0.578292, 0.406565, 0.689292, 0.158615, )
	Energia cinetica: 37.8095
	Massa: 0
Misura #8
	Istante t: 55
	Coord velocità: (0.776123, 0.59375, 0.00318957, 0.212327, )
	Energia cinetica: 38.3378
	Massa: 0
Misura #9
	Istante t: 228
	Coord velocità: (0.529283, 0.552147, 0.384034, 0.517215, )
	Energia cinetica: 43.1592
	Massa: 0
Misura #10
	Istante t: 37
	Coord velocità: (0.337146, 0.774042, 0.403638, 0.352517, )
	Energia cinetica: 26.289
	Massa: 0
Misura #11
	Istante t: 65
	Coord velocità: (0.305546, 0.230847, 0.592906, 0.708389, )
	Energia cinetica: 37.6064
	Massa: 0
Misura #12
	Istante t: 179
	Coord velocità: (0.0129676, 0.495954, 0.283165, 0.82078, )
	Energia cinetica: 35.3803
	Massa: 0
Misura #13
	Istante t: 167
	Coord velocità: (0.214495, 0.579761, 0.693599, 0.369852, )
	Energia cinetica: 39.4289
	Massa: 0
Misura #14
	Istante t: 102
	Coord velocità: (0.502491, 0.127997, 0.339568, 0.784738, )
	Energia cinetica: 38.623
	Massa: 0
Misura #15
	Istante t: 15
	Coord velocità: (0.488715, 0.500467, 0.470291, 0.538067, )
	Energia cinetica: 41.7183
	Massa: 0
Misura #16
	Istante t: 189
	Coord velocità: (0.406225, 0.774954, 0.477362, 0.0809536, )
	Energia cinetica: 35.0597
	Massa: 0
Misura #17
	Istante t: 196
	Coord velocità: (0.512219, 0.160326, 0.657522, 0.528764, )
	Energia cinetica: 37.7324
	Massa: 0
Misura #18
	Istante t: 166
	Coord velocità: (0.684136, 0.528858, 0.362949, 0.347183, )
	Energia cinetica: 33.7256
	Massa: 0
Misura #19
	Istante t: 333
	Coord velocità: (0.7992, 0.442204, 0.375347, 0.15764, )
	Energia cinetica: 43.4756
	Massa: 0
Misura #20
	Istante t: 26
	Coord velocità: (0.630979, 0.181286, 0.163099, 0.736477, )
	Energia cinetica: 35.3487
	Massa: 0
Misura #21
	Istante t: 276
	Coord velocità: (0.809236, 0.488769, 0.22063, 0.239924, )
	Energia cinetica: 37.0969
	Massa: 0
Misura #22
	Istante t: 113
	Coord velocità: (0.0757072, 0.747178, 0.0680853, 0.656778, )
	Energia cinetica: 30.8492
	Massa: 0
Misura #23
	Istante t: 297
	Coord velocità: (0.806178, 0.0858994, 0.391821, 0.434941, )
	Energia cinetica: 44.2475
	Massa: 0
Misura #24
	Istante t: 254
	Coord velocità: (0.0255322, 0.689874, 0.723421, 0.00921197, )
	Energia cinetica: 39.0587
	Massa: 0
Misura #25
	Istante t: 54
	Coord velocità: (0.269116, 0.203278, 0.439463, 0.832543, )
	Energia cinetica: 31.5005
	Massa: 0
Misura #26
	Istante t: 59
	Coord velocità: (0.424866, 0.589805, 0.107729, 0.678243, )
	Energia cinetica: 36.6462
	Massa: 0
Misura #27
	Istante t: 181
	Coord velocità: (0.0740184, 0.0822533, 0.551742, 0.826642, )
	Energia cinetica: 35.572
	Massa: 0
Misura #28
	Istante t: 295
	Coord velocità: (0.667346, 0.680682, 0.281527, 0.109838, )
	Energia cinetica: 39.5527
	Massa: 0
Misura #29
	Istante t: 223
	Coord velocità: (0.382312, 0.337435, 0.458081, 0.728105, )
	Energia cinetica: 45.805
	Massa: 0
Misura #30
	Istante t: 238
	Coord velocità: (0.972482, 0.157209, 0.146911, 0.089343, )
	Energia cinetica: 37.973
	Massa: 0
Misura #31
	Istante t: 20
	Coord velocità: (0.0847954, 0.232412, 0.82266, 0.511884, )
	Energia cinetica: 46.9189
	Massa: 0
Misura #32
	Istante t: 74
	Coord velocità: (0.491283, 0.0292874, 0.523363, 0.695611, )
	Energia cinetica: 36.9528
	Massa: 0
Misura #33
	Istante t: 52
	Coord velocità: (0.317276, 0.414087, 0.827829, 0.206318, )
	Energia cinetica: 33.661
	Massa: 0
Misura #34
	Istante t: 159
	Coord velocità: (0.22806, 0.611596, 0.593578, 0.470748, )
	Energia cinetica: 35.353
	Massa: 0
Misura #35
	Istante t: 235
	Coord velocità: (0.392127, 0.333166, 0.854169, 0.075045, )
	Energia cinetica: 31.0487
	Massa: 0
Misura #36
	Istante t: 7
	Coord velocità: (0.423764, 0.619592, 0.570834, 0.332683, )
	Energia cinetica: 43.6208
	Massa: 0
Misura #37
	Istante t: 289
	Coord velocità: (0.337752, 0.649365, 0.582789, 0.352995, )
	Energia cinetica: 35.572
	Massa: 0
Misura #38
	Istante t: 190
	Coord velocità: (0.297641, 0.553066, 0.336238, 0.701763, )
	Energia cinetica: 37.4668
	Massa: 0
Misura #39
	Istante t: 284
	Coord velocità: (0.209845, 0.311431, 0.568711, 0.731808, )
	Energia cinetica: 34.3453
	Massa: 0
Misura #40
	Istante t: 124
	Coord velocità: (0.207104, 0.444133, 0.80888, 0.324911, )
	Energia cinetica: 33.5739
	Massa: 0
Misura #41
	Istante t: 63
	Coord velocità: (0.325577, 0.774756, 0.0961902, 0.533385, )
	Energia cinetica: 34.3693
	Massa: 0
Misura #42
	Istante t: 56
	Coord velocità: (0.268975, 0.563908, 0.659606, 0.417829, )
	Energia cinetica: 31.2387
	Massa: 0
Misura #43
	Istante t: 150
	Coord velocità: (0.238586, 0.71353, 0.283387, 0.59468, )
	Energia cinetica: 29.0546
	Massa: 0
Misura #44
	Istante t: 229
	Coord velocità: (0.658834, 0.62415, 0.418928, 0.0295714, )
	Energia cinetica: 37.2882
	Massa: 0
Misura #45
	Istante t: 145
	Coord velocità: (0.145697, 0.129077, 0.693016, 0.694147, )
	Energia cinetica: 43.916
	Massa: 0
Misura #46
	Istante t: 76
	Coord velocità: (0.488882, 0.76042, 0.413297, 0.109279, )
	Energia cinetica: 41.1458
	Massa: 0
Misura #47
	Istante t: 337
	Coord velocità: (0.698988, 0.0527263, 0.0140493, 0.713049, )
	Energia cinetica: 33.7412
	Massa: 0
Misura #48
	Istante t: 206
	Coord velocità: (0.181548, 0.488482, 0.821913, 0.229966, )
	Energia cinetica: 32.7094
	Massa: 0
Misura #49
	Istante t: 175
	Coord velocità: (0.649255, 0.0170649, 0.594352, 0.47426, )
	Energia cinetica: 38.7349
	Massa: 0
Misura #50
	Istante t: 320
	Coord velocità: (0.0221325, 0.522081, 0.274997, 0.807043, )
	Energia cinetica: 34.4608
	Massa: 0
Misura #51
	Istante t: 100
	Coord velocità: (0.127772, 0.683278, 0.250074, 0.673994, )
	Energia cinetica: 48.005
	Massa: 0
Misura #52
	Istante t: 64
	Coord velocità: (0.265655, 0.36404, 0.648781, 0.613176, )
	Energia cinetica: 50.0637
	Massa: 0
Misura #53
	Istante t: 68
	Coord velocità: (0.607602, 0.573425, 0.492067, 0.24469, )
	Energia cinetica: 28.9288
	Massa: 0
Misura #54
	Istante t: 126
	Coord velocità: (0.568966, 0.030323, 0.689932, 0.446489, )
	Energia cinetica: 40.7666
	Massa: 0
Misura #55
	Istante t: 296
	Coord velocità: (0.444593, 0.135867, 0.376316, 0.801413, )
	Energia cinetica: 32.8811
	Massa: 0
Misura #56
	Istante t: 60
	Coord velocità: (0.282768, 0.526037, 0.706636, 0.379464, )
	Energia cinetica: 37.4863
	Massa: 0
Misura #57
	Istante t: 246
	Coord velocità: (0.164802, 0.330106, 0.705471, 0.605128, )
	Energia cinetica: 37.2488
	Massa: 0
Misura #58
	Istante t: 140
	Coord velocità: (0.42304, 0.65769, 0.622656, 0.0279361, )
	Energia cinetica: 39.0966
	Massa: 0
Misura #59
	Istante t: 120
	Coord velocità: (0.610459, 0.360126, 0.657999, 0.254334, )
	Energia cinetica: 35.1254
	Massa: 0
Misura #60
	Istante t: 312
	Coord velocità: (0.519193, 0.338532, 0.557146, 0.552651, )
	Energia cinetica: 42.8787
	Massa: 0
Misura #61
	Istante t: 116
	Coord velocità: (0.33604, 0.413955, 0.557482, 0.636343, )
	Energia cinetica: 39.8507
	Massa: 0
Misura #62
	Istante t: 21
	Coord velocità: (0.161261, 0.907794, 0.382909, 0.0573144, )
	Energia cinetica: 24.973
	Massa: 0
Misura #63
	Istante t: 122
	Coord velocità: (0.269378, 0.246943, 0.734332, 0.572023, )
	Energia cinetica: 40.3707
	Massa: 0
Misura #64
	Istante t: 162
	Coord velocità: (0.556115, 0.573207, 0.228198, 0.556863, )
	Energia cinetica: 36.6753
	Massa: 0
Misura #65
	Istante t: 137
	Coord velocità: (0.180134, 0.414469, 0.772461, 0.446174, )
	Energia cinetica: 39.6477
	Massa: 0
Misura #66
	Istante t: 49
	Coord velocità: (0.682646, 0.265142, 0.625253, 0.269729, )
	Energia cinetica: 22.3629
	Massa: 0
Misura #67
	Istante t: 141
	Coord velocità: (0.759045, 0.555063, 0.340214, 0.00328952, )
	Energia cinetica: 44.5099
	Massa: 0
Misura #68
	Istante t: 156
	Coord velocità: (0.00428323, 0.800768, 0.547919, 0.241945, )
	Energia cinetica: 41.5544
	Massa: 0
Misura #69
	Istante t: 78
	Coord velocità: (0.186412, 0.861243, 0.287717, 0.375141, )
	Energia cinetica: 40.1467
	Massa: 0
Misura #70
	Istante t: 232
	Coord velocità: (0.34354, 0.737114, 0.470181, 0.342888, )
	Energia cinetica: 37.4124
	Massa: 0
Misura #71
	Istante t: 22
	Coord velocità: (0.513187, 0.306906, 0.568801, 0.564723, )
	Energia cinetica: 34.1766
	Massa: 0
Misura #72
	Istante t: 275
	Coord velocità: (0.0262308, 0.687545, 0.312928, 0.654729, )
	Energia cinetica: 42.0331
	Massa: 0
Misura #73
	Istante t: 136
	Coord velocità: (0.507052, 0.201222, 0.425584, 0.722002, )
	Energia cinetica: 34.3284
	Massa: 0
Misura #74
	Istante t: 66
	Coord velocità: (0.10492, 0.978481, 0.0277314, 0.175491, )
	Energia cinetica: 33.1635
	Massa: 0
Misura #75
	Istante t: 233
	Coord velocità: (0.254757, 0.851457, 0.175368, 0.423517, )
	Energia cinetica: 40.1913
	Massa: 0
Misura #76
	Istante t: 12
	Coord velocità: (0.643128, 0.646091, 0.0360605, 0.409454, )
	Energia cinetica: 27.2116
	Massa: 0
Misura #77
	Istante t: 283
	Coord velocità: (0.625133, 0.547416, 0.148281, 0.536244, )
	Energia cinetica: 28.6543
	Massa: 0
Misura #78
	Istante t: 135
	Coord velocità: (0.0708647, 0.722814, 0.657975, 0.198962, )
	Energia cinetica: 43.4471
	Massa: 0
Misura #79
	Istante t: 17
	Coord velocità: (0.368588, 0.3737, 0.396007, 0.753439, )
	Energia cinetica: 21.5319
	Massa: 0
Misura #80
	Istante t: 241
	Coord velocità: (0.261697, 0.065485, 0.13776, 0.953021, )
	Energia cinetica: 30.3524
	Massa: 0
Misura #81
	Istante t: 103
	Coord velocità: (0.598374, 0.57102, 0.0328985, 0.561072, )
	Energia cinetica: 41.7949
	Massa: 0
Misura #82
	Istante t: 271
	Coord velocità: (0.748341, 0.550039, 0.265346, 0.258909, )
	Energia cinetica: 43.4706
	Massa: 0
Misura #83
	Istante t: 250
	Coord velocità: (0.606947, 0.565058, 0.204778, 0.51999, )
	Energia cinetica: 25.7502
	Massa: 0
Misura #84
	Istante t: 89
	Coord velocità: (0.620017, 0.0995478, 0.777477, 0.0346119, )
	Energia cinetica: 42.2901
	Massa: 0
Misura #85
	Istante t: 240
	Coord velocità: (0.62102, 0.476347, 0.622436, 0.000843289, )
	Energia cinetica: 40.9016
	Massa: 0
Misura #86
	Istante t: 170
	Coord velocità: (0.607604, 0.568068, 0.499388, 0.242337, )
	Energia cinetica: 33.9628
	Massa: 0
Misura #87
	Istante t: 306
	Coord velocità: (0.889606, 0.454631, 0.0143884, 0.0413025, )
	Energia cinetica: 36.2253
	Massa: 0
Misura #88
	Istante t: 101
	Coord velocità: (0.220527, 0.365954, 0.05458, 0.902478, )
	Energia cinetica: 30.1757
	Massa: 0
Misura #89
	Istante t: 153
	Coord velocità: (0.595706, 0.604003, 0.223615, 0.479907, )
	Energia cinetica: 27.2923
	Massa: 0
Misura #90
	Istante t: 341
	Coord velocità: (0.117445, 0.703633, 0.647714, 0.267535, )
	Energia cinetica: 32.7921
	Massa: 0
Misura #91
	Istante t: 81
	Coord velocità: (0.302953, 0.0827176, 0.753562, 0.577513, )
	Energia cinetica: 29.6806
	Massa: 0
Misura #92
	Istante t: 1
	Coord velocità: (0.718966, 0.284323, 0.616807, 0.147636, )
	Energia cinetica: 47.4176
	Massa: 0
Misura #93
	Istante t: 171
	Coord velocità: (0.196658, 0.504164, 0.0956177, 0.835465, )
	Energia cinetica: 29.0537
	Massa: 0
Misura #94
	Istante t: 8
	Coord velocità: (0.461871, 0.589209, 0.480455, 0.456805, )
	Energia cinetica: 33.2817
	Massa: 0
Misura #95
	Istante t: 237
	Coord velocità: (0.125929, 0.50813, 0.723149, 0.450556, )
	Energia cinetica: 41.2377
	Massa: 0
Misura #96
	Istante t: 213
	Coord velocità: (0.603288, 0.299551, 0.299788, 0.675603, )
	Energia cinetica: 33.0303
	Massa: 0
Misura #97
	Istante t: 133
	Coord velocità: (0.855343, 0.0389678, 0.504483, 0.111207, )
	Energia cinetica: 36.2762
	Massa: 0
Misura #98
	Istante t: 264
	Coord velocità: (0.560249, 0.317224, 0.581171, 0.497725, )
	Energia cinetica: 37.7575
	Massa: 0
Misura #99
	Istante t: 307
	Coord velocità: (0.502636, 0.584011, 0.262325, 0.580925, )
	Energia cinetica: 36.9275
	Massa: 0
Misura #100
	Istante t: 176
	Coord velocità: (0.188747, 0.440169, 0.631445, 0.609839, )
	Energia cinetica: 33.8252
	Massa: 0
Misura #101
	Istante t: 248
	Coord velocità: (0.790185, 0.528913, 0.212514, 0.225158, )
	Energia cinetica: 23.8898
	Massa: 0
Misura #102
	Istante t: 221
	Coord velocità: (0.776721, 0.23965, 0.062911, 0.579064, )
	Energia cinetica: 42.9072
	Massa: 0
Misura #103
	Istante t: 5
	Coord velocità: (0.765072, 0.61343, 0.193769, 0.0286765, )
	Energia cinetica: 40.8636
	Massa: 0
Misura #104
	Istante t: 33
	Coord velocità: (0.327634, 0.215458, 0.709355, 0.585704, )
	Energia cinetica: 34.8016
	Massa: 0
Misura #105
	Istante t: 321
	Coord velocità: (0.469286, 0.0020562, 0.71547, 0.517561, )
	Energia cinetica: 41.5138
	Massa: 0
Misura #106
	Istante t: 106
	Coord velocità: (0.541497, 0.488053, 0.413872, 0.545247, )
	Energia cinetica: 41.1914
	Massa: 0
Misura #107
	Istante t: 34
	Coord velocità: (0.59163, 0.337422, 0.604431, 0.413261, )
	Energia cinetica: 35.3728
	Massa: 0
Misura #108
	Istante t: 308
	Coord velocità: (0.10341, 0.409231, 0.776896, 0.467192, )
	Energia cinetica: 35.0246
	Massa: 0
Misura #109
	Istante t: 97
	Coord velocità: (0.713379, 0.666064, 0.142131, 0.16507, )
	Energia cinetica: 35.5342
	Massa: 0
Misura #110
	Istante t: 85
	Coord velocità: (0.347982, 0.0881534, 0.601582, 0.713608, )
	Energia cinetica: 35.1391
	Massa: 0
Misura #111
	Istante t: 204
	Coord velocità: (0.149184, 0.324646, 0.69007, 0.629406, )
	Energia cinetica: 36.8776
	Massa: 0
Misura #112
	Istante t: 210
	Coord velocità: (0.0488684, 0.108756, 0.151902, 0.981178, )
	Energia cinetica: 41.6972
	Massa: 0
Misura #113
	Istante t: 158
	Coord velocità: (0.624913, 0.0267088, 0.377947, 0.682588, )
	Energia cinetica: 38.6942
	Massa: 0
Misura #114
	Istante t: 45
	Coord velocità: (0.457141, 0.696009, 0.446479, 0.327492, )
	Energia cinetica: 45.8929
	Massa: 0
Misura #115
	Istante t: 134
	Coord velocità: (0.460597, 0.234054, 0.637484, 0.571562, )
	Energia cinetica: 38.3606
	Massa: 0
Misura #116
	Istante t: 220
	Coord velocità: (0.0256909, 0.667485, 0.637057, 0.384659, )
	Energia cinetica: 31.5982
	Massa: 0
Misura #117
	Istante t: 311
	Coord velocità: (0.137866, 0.671005, 0.258412, 0.681152, )
	Energia cinetica: 32.7587
	Massa: 0
Misura #118
	Istante t: 236
	Coord velocità: (0.580465, 0.712694, 0.308674, 0.244639, )
	Energia cinetica: 37.5949
	Massa: 0
Misura #119
	Istante t: 234
	Coord velocità: (0.501598, 0.598235, 0.282398, 0.557464, )
	Energia cinetica: 42.3913
	Massa: 0
Misura #120
	Istante t: 108
	Coord velocità: (0.223216, 0.871106, 0.291399, 0.326244, )
	Energia cinetica: 37.8038
	Massa: 0
Misura #121
	Istante t: 230
	Coord velocità: (0.86927, 0.0408908, 0.168628, 0.462885, )
	Energia cinetica: 29.2676
	Massa: 0
Misura #122
	Istante t: 90
	Coord velocità: (0.423142, 0.413675, 0.595717, 0.543089, )
	Energia cinetica: 32.7629
	Massa: 0
Misura #123
	Istante t: 46
	Coord velocità: (0.897742, 0.326617, 0.0407133, 0.292783, )
	Energia cinetica: 29.503
	Massa: 0
Misura #124
	Istante t: 269
	Coord velocità: (0.0659428, 0.350912, 0.722912, 0.591532, )
	Energia cinetica: 35.9389
	Massa: 0
Misura #125
	Istante t: 331
	Coord velocità: (0.247216, 0.705264, 0.553403, 0.36774, )
	Energia cinetica: 38.5645
	Massa: 0
Misura #126
	Istante t: 226
	Coord velocità: (0.141401, 0.537763, 0.679741, 0.478298, )
	Energia cinetica: 28.0085
	Massa: 0
Misura #127
	Istante t: 73
	Coord velocità: (0.621706, 0.141054, 0.641626, 0.426499, )
	Energia cinetica: 34.9534
	Massa: 0
Misura #128
	Istante t: 334
	Coord velocità: (0.523995, 0.415354, 0.220088, 0.710262, )
	Energia cinetica: 32.197
	Massa: 0
Misura #129
	Istante t: 324
	Coord velocità: (0.421509, 0.693871, 0.411039, 0.414632, )
	Energia cinetica: 43.285
	Massa: 0
Misura #130
	Istante t: 142
	Coord velocità: (0.193234, 0.763311, 0.586939, 0.188466, )
	Energia cinetica: 39.5991
	Massa: 0
Misura #131
	Istante t: 144
	Coord velocità: (0.544306, 0.286974, 0.614463, 0.493773, )
	Energia cinetica: 31.9669
	Massa: 0
Misura #132
	Istante t: 29
	Coord velocità: (0.636506, 0.677952, 0.112331, 0.350176, )
	Energia cinetica: 40.1648
	Massa: 0
Misura #133
	Istante t: 214
	Coord velocità: (0.714663, 0.287775, 0.200821, 0.605072, )
	Energia cinetica: 36.0168
	Massa: 0
Misura #134
	Istante t: 278
	Coord velocità: (0.327324, 0.326909, 0.662693, 0.588921, )
	Energia cinetica: 38.1441
	Massa: 0
Misura #135
	Istante t: 27
	Coord velocità: (0.208583, 0.637415, 0.583125, 0.458432, )
	Energia cinetica: 28.9635
	Massa: 0
Misura #136
	Istante t: 198
	Coord velocità: (0.522273, 0.592116, 0.474451, 0.389264, )
	Energia cinetica: 34.5763
	Massa: 0
Misura #137
	Istante t: 299
	Coord velocità: (0.0932935, 0.620208, 0.388527, 0.675045, )
	Energia cinetica: 32.05
	Massa: 0
Misura #138
	Istante t: 146
	Coord velocità: (0.200813, 0.647059, 0.239457, 0.695448, )
	Energia cinetica: 35.9187
	Massa: 0
Misura #139
	Istante t: 164
	Coord velocità: (0.409907, 0.33877, 0.728927, 0.431133, )
	Energia cinetica: 36.3794
	Massa: 0
Misura #140
	Istante t: 173
	Coord velocità: (0.0103535, 0.145794, 0.761267, 0.631751, )
	Energia cinetica: 43.3509
	Massa: 0
Misura #141
	Istante t: 212
	Coord velocità: (0.637584, 0.328731, 0.573222, 0.39603, )
	Energia cinetica: 27.6391
	Massa: 0
Misura #142
	Istante t: 218
	Coord velocità: (0.0291433, 0.0554535, 0.772157, 0.632336, )
	Energia cinetica: 27.5179
	Massa: 0
Misura #143
	Istante t: 35
	Coord velocità: (0.421502, 0.216094, 0.0744731, 0.877549, )
	Energia cinetica: 40.4146
	Massa: 0
Misura #144
	Istante t: 260
	Coord velocità: (0.628297, 0.250046, 0.635512, 0.37262, )
	Energia cinetica: 36.9758
	Massa: 0
Misura #145
	Istante t: 305
	Coord velocità: (0.870801, 0.27096, 0.175742, 0.370677, )
	Energia cinetica: 34.441
	Massa: 0
Misura #146
	Istante t: 200
	Coord velocità: (0.416684, 0.670209, 0.613654, 0.0249759, )
	Energia cinetica: 33.8832
	Massa: 0
Misura #147
	Istante t: 199
	Coord velocità: (0.481929, 0.0322812, 0.688529, 0.540954, )
	Energia cinetica: 35.7101
	Massa: 0
Misura #148
	Istante t: 44
	Coord velocità: (0.645392, 0.728402, 0.198498, 0.11618, )
	Energia cinetica: 28.1273
	Massa: 0
Misura #149
	Istante t: 168
	Coord velocità: (0.636664, 0.458662, 0.599198, 0.158902, )
	Energia cinetica: 34.2372
	Massa: 0
Misura #150
	Istante t: 129
	Coord velocità: (0.341483, 0.0983153, 0.870909, 0.339472, )
	Energia cinetica: 31.627
	Massa: 0
Misura #151
	Istante t: 93
	Coord velocità: (0.389356, 0.249323, 0.796651, 0.389343, )
	Energia cinetica: 24.3603
	Massa: 0
Misura #152
	Istante t: 111
	Coord velocità: (0.588144, 0.541384, 0.481145, 0.359846, )
	Energia cinetica: 44.8159
	Massa: 0
Misura #153
	Istante t: 216
	Coord velocità: (0.71442, 0.500522, 0.47944, 0.0960143, )
	Energia cinetica: 44.6779
	Massa: 0
Misura #154
	Istante t: 338
	Coord velocità: (0.426736, 0.189256, 0.87675, 0.115704, )
	Energia cinetica: 31.7728
	Massa: 0
Misura #155
	Istante t: 18
	Coord velocità: (0.55127, 0.105047, 0.262567, 0.784936, )
	Energia cinetica: 49.0544
	Massa: 0
Misura #156
	Istante t: 224
	Coord velocità: (0.597648, 0.043646, 0.649774, 0.46766, )
	Energia cinetica: 42.8885
	Massa: 0
Misura #157
	Istante t: 79
	Coord velocità: (0.575392, 0.0271202, 0.817042, 0.0251216, )
	Energia cinetica: 34.6654
	Massa: 0
Misura #158
	Istante t: 266
	Coord velocità: (0.627867, 0.465044, 0.603439, 0.159308, )
	Energia cinetica: 31.1166
	Massa: 0
Misura #159
	Istante t: 71
	Coord velocità: (0.339466, 0.410593, 0.200707, 0.822127, )
	Energia cinetica: 39.8085
	Massa: 0
Misura #160
	Istante t: 194
	Coord velocità: (0.375021, 0.882605, 0.240136, 0.150674, )
	Energia cinetica: 37.6981
	Massa: 0
Misura #161
	Istante t: 286
	Coord velocità: (0.62604, 0.77415, 0.0493568, 0.0795639, )
	Energia cinetica: 37.4108
	Massa: 0
Misura #162
	Istante t: 328
	Coord velocità: (0.5657, 0.767537, 0.0946376, 0.286207, )
	Energia cinetica: 26.1001
	Massa: 0
Misura #163
	Istante t: 263
	Coord velocità: (0.216096, 0.655241, 0.132732, 0.711578, )
	Energia cinetica: 37.9754
	Massa: 0
Misura #164
	Istante t: 160
	Coord velocità: (0.740379, 0.438073, 0.350196, 0.370531, )
	Energia cinetica: 37.4087
	Massa: 0
Misura #165
	Istante t: 217
	Coord velocità: (0.757542, 0.176532, 0.31752, 0.542354, )
	Energia cinetica: 34.9662
	Massa: 0
Misura #166
	Istante t: 161
	Coord velocità: (0.891643, 0.302137, 0.187839, 0.280006, )
	Energia cinetica: 36.5034
	Massa: 0
Misura #167
	Istante t: 83
	Coord velocità: (0.799447, 0.542757, 0.199119, 0.163252, )
	Energia cinetica: 34.9703
	Massa: 0
Misura #168
	Istante t: 339
	Coord velocità: (0.67942, 0.227167, 0.303926, 0.628022, )
	Energia cinetica: 32.7999
	Massa: 0
Misura #169
	Istante t: 118
	Coord velocità: (0.572012, 0.338987, 0.135057, 0.734609, )
	Energia cinetica: 28.1489
	Massa: 0
Misura #170
	Istante t: 310
	Coord velocità: (0.36348, 0.688285, 0.618843, 0.105734, )
	Energia cinetica: 38.4229
	Massa: 0
Misura #171
	Istante t: 319
	Coord velocità: (0.69113, 0.576676, 0.363868, 0.239553, )
	Energia cinetica: 33.9475
	Massa: 0
Misura #172
	Istante t: 110
	Coord velocità: (0.21931, 0.201106, 0.647197, 0.701852, )
	Energia cinetica: 34.0409
	Massa: 0
Misura #173
	Istante t: 336
	Coord velocità: (0.439501, 0.192729, 0.779575, 0.40244, )
	Energia cinetica: 27.4146
	Massa: 0
Misura #174
	Istante t: 157
	Coord velocità: (0.0295725, 0.0725715, 0.67061, 0.737659, )
	Energia cinetica: 41.6525
	Massa: 0
Misura #175
	Istante t: 152
	Coord velocità: (0.535748, 0.363985, 0.728037, 0.224615, )
	Energia cinetica: 43.1275
	Massa: 0
Misura #176
	Istante t: 16
	Coord velocità: (0.488035, 0.646179, 0.417147, 0.41263, )
	Energia cinetica: 39.48
	Massa: 0
Misura #177
	Istante t: 75
	Coord velocità: (0.551858, 0.54347, 0.209045, 0.596987, )
	Energia cinetica: 36.7412
	Massa: 0
Misura #178
	Istante t: 109
	Coord velocità: (0.574339, 0.573892, 0.167435, 0.559239, )
	Energia cinetica: 37.0729
	Massa: 0
Misura #179
	Istante t: 239
	Coord velocità: (0.581284, 0.261436, 0.54547, 0.544263, )
	Energia cinetica: 42.7645
	Massa: 0
Misura #180
	Istante t: 219
	Coord velocità: (0.563737, 0.758965, 0.140129, 0.294172, )
	Energia cinetica: 41.7598
	Massa: 0
Misura #181
	Istante t: 139
	Coord velocità: (0.63001, 0.285822, 0.503137, 0.517926, )
	Energia cinetica: 34.2014
	Massa: 0
Misura #182
	Istante t: 4
	Coord velocità: (0.535525, 0.605015, 0.506136, 0.301655, )
	Energia cinetica: 26.7342
	Massa: 0
Misura #183
	Istante t: 96
	Coord velocità: (0.0347966, 0.99295, 0.0103319, 0.112838, )
	Energia cinetica: 35.6895
	Massa: 0
Misura #184
	Istante t: 225
	Coord velocità: (0.433496, 0.315242, 0.81616, 0.215842, )
	Energia cinetica: 36.009
	Massa: 0
Misura #185
	Istante t: 61
	Coord velocità: (0.451474, 0.0957421, 0.886321, 0.0379485, )
	Energia cinetica: 32.2253
	Massa: 0
Misura #186
	Istante t: 67
	Coord velocità: (0.146445, 0.738301, 0.657315, 0.0374516, )
	Energia cinetica: 40.6188
	Massa: 0
Misura #187
	Istante t: 270
	Coord velocità: (0.391, 0.559732, 0.359039, 0.636326, )
	Energia cinetica: 46.6001
	Massa: 0
Misura #188
	Istante t: 154
	Coord velocità: (0.775355, 0.255617, 0.429747, 0.38575, )
	Energia cinetica: 33.2895
	Massa: 0
Misura #189
	Istante t: 191
	Coord velocità: (0.944697, 0.235019, 0.221916, 0.0553772, )
	Energia cinetica: 35.8249
	Massa: 0
Misura #190
	Istante t: 261
	Coord velocità: (0.670734, 0.508427, 0.0232246, 0.539517, )
	Energia cinetica: 39.2725
	Massa: 0
Misura #191
	Istante t: 208
	Coord velocità: (0.752336, 0.609116, 0.220163, 0.120405, )
	Energia cinetica: 36.8332
	Massa: 0
Misura #192
	Istante t: 318
	Coord velocità: (0.494445, 0.698516, 0.483045, 0.185117, )
	Energia cinetica: 36
	Massa: 0
Misura #193
	Istante t: 40
	Coord velocità: (0.213767, 0.612741, 0.625712, 0.432824, )
	Energia cinetica: 34.6817
	Massa: 0
Misura #194
	Istante t: 253
	Coord velocità: (0.223408, 0.778537, 0.193851, 0.553526, )
	Energia cinetica: 33.7829
	Massa: 0
Misura #195
	Istante t: 13
	Coord velocità: (0.797399, 0.328911, 0.327881, 0.385313, )
	Energia cinetica: 36.7491
	Massa: 0
Misura #196
	Istante t: 107
	Coord velocità: (0.121358, 0.197754, 0.903681, 0.359898, )
	Energia cinetica: 40.6026
	Massa: 0
Misura #197
	Istante t: 259
	Coord velocità: (0.447357, 0.600065, 0.503245, 0.431901, )
	Energia cinetica: 40.6828
	Massa: 0
Misura #198
	Istante t: 3
	Coord velocità: (0.481791, 0.0123225, 0.66447, 0.571144, )
	Energia cinetica: 34.2938
	Massa: 0
Misura #199
	Istante t: 215
	Coord velocità: (0.602846, 0.157539, 0.450609, 0.639304, )
	Energia cinetica: 37.8446
	Massa: 0
Misura #200
	Istante t: 125
	Coord velocità: (0.270495, 0.568826, 0.281583, 0.723865, )
	Energia cinetica: 33.2116
	Massa: 0
Misura #201
	Istante t: 24
	Coord velocità: (0.630322, 0.0390666, 0.503493, 0.589629, )
	Energia cinetica: 27.7505
	Massa: 0
Misura #202
	Istante t: 30
	Coord velocità: (0.195323, 0.135847, 0.672122, 0.701175, )
	Energia cinetica: 38.567
	Massa: 0
Misura #203
	Istante t: 77
	Coord velocità: (0.647504, 0.626312, 0.424863, 0.089242, )
	Energia cinetica: 34.2556
	Massa: 0
Misura #204
	Istante t: 188
	Coord velocità: (0.688077, 0.582765, 0.264891, 0.341713, )
	Energia cinetica: 29.1637
	Massa: 0
Misura #205
	Istante t: 184
	Coord velocità: (0.822789, 0.169587, 0.085165, 0.535729, )
	Energia cinetica: 32.4832
	Massa: 0
Misura #206
	Istante t: 316
	Coord velocità: (0.41071, 0.389326, 0.724682, 0.393165, )
	Energia cinetica: 32.3389
	Massa: 0
Misura #207
	Istante t: 255
	Coord velocità: (0.41616, 0.0573848, 0.178392, 0.889772, )
	Energia cinetica: 46.9746
	Massa: 0
Misura #208
	Istante t: 252
	Coord velocità: (0.582011, 0.812975, 0.000885553, 0.0182567, )
	Energia cinetica: 37.2827
	Massa: 0
Misura #209
	Istante t: 19
	Coord velocità: (0.609367, 0.465871, 0.573692, 0.287252, )
	Energia cinetica: 32.3566
	Massa: 0
Misura #210
	Istante t: 291
	Coord velocità: (0.659172, 0.0887537, 0.106777, 0.739063, )
	Energia cinetica: 47.9281
	Massa: 0
Misura #211
	Istante t: 293
	Coord velocità: (0.080257, 0.734619, 0.542782, 0.3991, )
	Energia cinetica: 39.3621
	Massa: 0
Misura #212
	Istante t: 182
	Coord velocità: (0.604267, 0.44051, 0.562018, 0.353479, )
	Energia cinetica: 39.1148
	Massa: 0
Misura #213
	Istante t: 303
	Coord velocità: (0.47881, 0.443784, 0.517054, 0.553581, )
	Energia cinetica: 35.9341
	Massa: 0
Misura #214
	Istante t: 80
	Coord velocità: (0.892245, 0.16532, 0.0381571, 0.418464, )
	Energia cinetica: 34.3629
	Massa: 0
Misura #215
	Istante t: 51
	Coord velocità: (0.397531, 0.489658, 0.433845, 0.643414, )
	Energia cinetica: 46.3793
	Massa: 0
Misura #216
	Istante t: 2
	Coord velocità: (0.567956, 0.444677, 0.052888, 0.690573, )
	Energia cinetica: 46.2523
	Massa: 0
Misura #217
	Istante t: 11
	Coord velocità: (0.20831, 0.655683, 0.467034, 0.555487, )
	Energia cinetica: 31.6618
	Massa: 0
Misura #218
	Istante t: 104
	Coord velocità: (0.542041, 0.280462, 0.35797, 0.706675, )
	Energia cinetica: 33.6349
	Massa: 0
Misura #219
	Istante t: 245
	Coord velocità: (0.0169197, 0.601811, 0.700297, 0.383564, )
	Energia cinetica: 34.4682
	Massa: 0
Misura #220
	Istante t: 86
	Coord velocità: (0.144803, 0.119307, 0.936919, 0.294924, )
	Energia cinetica: 30.7473
	Massa: 0
Misura #221
	Istante t: 10
	Coord velocità: (0.204118, 0.590198, 0.404379, 0.668192, )
	Energia cinetica: 32.6743
	Massa: 0
Misura #222
	Istante t: 36
	Coord velocità: (0.637104, 0.510169, 0.135535, 0.561655, )
	Energia cinetica: 35.2691
	Massa: 0
Misura #223
	Istante t: 325
	Coord velocità: (0.490179, 0.705042, 0.341429, 0.382186, )
	Energia cinetica: 34.9577
	Massa: 0
Misura #224
	Istante t: 58
	Coord velocità: (0.203824, 0.719884, 0.289041, 0.597225, )
	Energia cinetica: 37.6791
	Massa: 0
Misura #225
	Istante t: 41
	Coord velocità: (0.47335, 0.303819, 0.430138, 0.706127, )
	Energia cinetica: 39.6368
	Massa: 0
Misura #226
	Istante t: 14
	Coord velocità: (0.0868628, 0.641505, 0.668567, 0.365984, )
	Energia cinetica: 31.6009
	Massa: 0
Misura #227
	Istante t: 155
	Coord velocità: (0.0447433, 0.515484, 0.0642208, 0.853317, )
	Energia cinetica: 34.5028
	Massa: 0
Misura #228
	Istante t: 50
	Coord velocità: (0.162985, 0.00737985, 0.738732, 0.653955, )
	Energia cinetica: 33.2017
	Massa: 0
Misura #229
	Istante t: 209
	Coord velocità: (0.210702, 0.448584, 0.675081, 0.546483, )
	Energia cinetica: 39.1031
	Massa: 0
Misura #230
	Istante t: 268
	Coord velocità: (0.52067, 0.822846, 0.221364, 0.0531507, )
	Energia cinetica: 43.1786
	Massa: 0
Misura #231
	Istante t: 282
	Coord velocità: (0.597846, 0.234616, 0.232504, 0.730395, )
	Energia cinetica: 33.5873
	Massa: 0
Misura #232
	Istante t: 322
	Coord velocità: (0.510393, 0.405609, 0.637277, 0.410923, )
	Energia cinetica: 33.4029
	Massa: 0
Misura #233
	Istante t: 281
	Coord velocità: (0.236574, 0.489511, 0.371542, 0.752574, )
	Energia cinetica: 39.9817
	Massa: 0
Misura #234
	Istante t: 335
	Coord velocità: (0.635522, 0.596016, 0.162565, 0.463087, )
	Energia cinetica: 30.263
	Massa: 0
Misura #235
	Istante t: 123
	Coord velocità: (0.297429, 0.584404, 0.0967278, 0.748767, )
	Energia cinetica: 38.2934
	Massa: 0
Misura #236
	Istante t: 222
	Coord velocità: (0.308959, 0.167159, 0.349502, 0.868591, )
	Energia cinetica: 31.9715
	Massa: 0
Misura #237
	Istante t: 274
	Coord velocità: (0.0998747, 0.0287993, 0.69281, 0.71359, )
	Energia cinetica: 38.8426
	Massa: 0
Misura #238
	Istante t: 62
	Coord velocità: (0.523624, 0.492994, 0.694819, 0.000931091, )
	Energia cinetica: 35.9124
	Massa: 0
Misura #239
	Istante t: 258
	Coord velocità: (0.339319, 0.495337, 0.770648, 0.213555, )
	Energia cinetica: 38.1556
	Massa: 0
Misura #240
	Istante t: 332
	Coord velocità: (0.827291, 0.0977736, 0.538076, 0.128467, )
	Energia cinetica: 39.5962
	Massa: 0
Misura #241
	Istante t: 130
	Coord velocità: (0.188411, 0.632902, 0.531203, 0.530811, )
	Energia cinetica: 33.2361
	Massa: 0
Misura #242
	Istante t: 187
	Coord velocità: (0.0620803, 0.664584, 0.495751, 0.555613, )
	Energia cinetica: 43.3356
	Massa: 0
Misura #243
	Istante t: 23
	Coord velocità: (0.519212, 0.540021, 0.250774, 0.613114, )
	Energia cinetica: 28.5606
	Massa: 0

Misure in ordine di tempo crescente:
Misura #1
	Istante t: 1
	Coord velocità: (0.718966, 0.284323, 0.616807, 0.147636, )
	Energia cinetica: 47.4176
	Massa: 0
Misura #2
	Istante t: 2
	Coord velocità: (0.567956, 0.444677, 0.052888, 0.690573, )
	Energia cinetica: 46.2523
	Massa: 0
Misura #3
	Istante t: 3
	Coord velocità: (0.481791, 0.0123225, 0.66447, 0.571144, )
	Energia cinetica: 34.2938
	Massa: 0
Misura #4
	Istante t: 4
	Coord velocità: (0.535525, 0.605015, 0.506136, 0.301655, )
	Energia cinetica: 26.7342
	Massa: 0
Misura #5
	Istante t: 5
	Coord velocità: (0.765072, 0.61343, 0.193769, 0.0286765, )
	Energia cinetica: 40.8636
	Massa: 0
Misura #6
	Istante t: 6
	Coord velocità: (0.406674, 0.460687, 0.625053, 0.481345, )
	Energia cinetica: 34.8218
	Massa: 0
Misura #7
	Istante t: 7
	Coord velocità: (0.423764, 0.619592, 0.570834, 0.332683, )
	Energia cinetica: 43.6208
	Massa: 0
Misura #8
	Istante t: 8
	Coord velocità: (0.461871, 0.589209, 0.480455, 0.456805, )
	Energia cinetica: 33.2817
	Massa: 0
Misura #9
	Istante t: 10
	Coord velocità: (0.204118, 0.590198, 0.404379, 0.668192, )
	Energia cinetica: 32.6743
	Massa: 0
Misura #10
	Istante t: 11
	Coord velocità: (0.20831, 0.655683, 0.467034, 0.555487, )
	Energia cinetica: 31.6618
	Massa: 0
Misura #11
	Istante t: 12
	Coord velocità: (0.643128, 0.646091, 0.0360605, 0.409454, )
	Energia cinetica: 27.2116
	Massa: 0
Misura #12
	Istante t: 13
	Coord velocità: (0.797399, 0.328911, 0.327881, 0.385313, )
	Energia cinetica: 36.7491
	Massa: 0
Misura #13
	Istante t: 14
	Coord velocità: (0.0868628, 0.641505, 0.668567, 0.365984, )
	Energia cinetica: 31.6009
	Massa: 0
Misura #14
	Istante t: 15
	Coord velocità: (0.488715, 0.500467, 0.470291, 0.538067, )
	Energia cinetica: 41.7183
	Massa: 0
Misura #15
	Istante t: 16
	Coord velocità: (0.488035, 0.646179, 0.417147, 0.41263, )
	Energia cinetica: 39.48
	Massa: 0
Misura #16
	Istante t: 17
	Coord velocità: (0.368588, 0.3737, 0.396007, 0.753439, )
	Energia cinetica: 21.5319
	Massa: 0
Misura #17
	Istante t: 18
	Coord velocità: (0.55127, 0.105047, 0.262567, 0.784936, )
	Energia cinetica: 49.0544
	Massa: 0
Misura #18
	Istante t: 19
	Coord velocità: (0.609367, 0.465871, 0.573692, 0.287252, )
	Energia cinetica: 32.3566
	Massa: 0
Misura #19
	Istante t: 20
	Coord velocità: (0.0847954, 0.232412, 0.82266, 0.511884, )
	Energia cinetica: 46.9189
	Massa: 0
Misura #20
	Istante t: 21
	Coord velocità: (0.161261, 0.907794, 0.382909, 0.0573144, )
	Energia cinetica: 24.973
	Massa: 0
Misura #21
	Istante t: 22
	Coord velocità: (0.513187, 0.306906, 0.568801, 0.564723, )
	Energia cinetica: 34.1766
	Massa: 0
Misura #22
	Istante t: 23
	Coord velocità: (0.519212, 0.540021, 0.250774, 0.613114, )
	Energia cinetica: 28.5606
	Massa: 0
Misura #23
	Istante t: 24
	Coord velocità: (0.630322, 0.0390666, 0.503493, 0.589629, )
	Energia cinetica: 27.7505
	Massa: 0
Misura #24
	Istante t: 26
	Coord velocità: (0.630979, 0.181286, 0.163099, 0.736477, )
	Energia cinetica: 35.3487
	Massa: 0
Misura #25
	Istante t: 27
	Coord velocità: (0.208583, 0.637415, 0.583125, 0.458432, )
	Energia cinetica: 28.9635
	Massa: 0
Misura #26
	Istante t: 29
	Coord velocità: (0.636506, 0.677952, 0.112331, 0.350176, )
	Energia cinetica: 40.1648
	Massa: 0
Misura #27
	Istante t: 30
	Coord velocità: (0.195323, 0.135847, 0.672122, 0.701175, )
	Energia cinetica: 38.567
	Massa: 0
Misura #28
	Istante t: 33
	Coord velocità: (0.327634, 0.215458, 0.709355, 0.585704, )
	Energia cinetica: 34.8016
	Massa: 0
Misura #29
	Istante t: 34
	Coord velocità: (0.59163, 0.337422, 0.604431, 0.413261, )
	Energia cinetica: 35.3728
	Massa: 0
Misura #30
	Istante t: 35
	Coord velocità: (0.421502, 0.216094, 0.0744731, 0.877549, )
	Energia cinetica: 40.4146
	Massa: 0
Misura #31
	Istante t: 36
	Coord velocità: (0.637104, 0.510169, 0.135535, 0.561655, )
	Energia cinetica: 35.2691
	Massa: 0
Misura #32
	Istante t: 37
	Coord velocità: (0.337146, 0.774042, 0.403638, 0.352517, )
	Energia cinetica: 26.289
	Massa: 0
Misura #33
	Istante t: 40
	Coord velocità: (0.213767, 0.612741, 0.625712, 0.432824, )
	Energia cinetica: 34.6817
	Massa: 0
Misura #34
	Istante t: 41
	Coord velocità: (0.47335, 0.303819, 0.430138, 0.706127, )
	Energia cinetica: 39.6368
	Massa: 0
Misura #35
	Istante t: 44
	Coord velocità: (0.645392, 0.728402, 0.198498, 0.11618, )
	Energia cinetica: 28.1273
	Massa: 0
Misura #36
	Istante t: 45
	Coord velocità: (0.457141, 0.696009, 0.446479, 0.327492, )
	Energia cinetica: 45.8929
	Massa: 0
Misura #37
	Istante t: 46
	Coord velocità: (0.897742, 0.326617, 0.0407133, 0.292783, )
	Energia cinetica: 29.503
	Massa: 0
Misura #38
	Istante t: 49
	Coord velocità: (0.682646, 0.265142, 0.625253, 0.269729, )
	Energia cinetica: 22.3629
	Massa: 0
Misura #39
	Istante t: 50
	Coord velocità: (0.162985, 0.00737985, 0.738732, 0.653955, )
	Energia cinetica: 33.2017
	Massa: 0
Misura #40
	Istante t: 51
	Coord velocità: (0.397531, 0.489658, 0.433845, 0.643414, )
	Energia cinetica: 46.3793
	Massa: 0
Misura #41
	Istante t: 52
	Coord velocità: (0.317276, 0.414087, 0.827829, 0.206318, )
	Energia cinetica: 33.661
	Massa: 0
Misura #42
	Istante t: 54
	Coord velocità: (0.269116, 0.203278, 0.439463, 0.832543, )
	Energia cinetica: 31.5005
	Massa: 0
Misura #43
	Istante t: 55
	Coord velocità: (0.776123, 0.59375, 0.00318957, 0.212327, )
	Energia cinetica: 38.3378
	Massa: 0
Misura #44
	Istante t: 56
	Coord velocità: (0.268975, 0.563908, 0.659606, 0.417829, )
	Energia cinetica: 31.2387
	Massa: 0
Misura #45
	Istante t: 58
	Coord velocità: (0.203824, 0.719884, 0.289041, 0.597225, )
	Energia cinetica: 37.6791
	Massa: 0
Misura #46
	Istante t: 59
	Coord velocità: (0.424866, 0.589805, 0.107729, 0.678243, )
	Energia cinetica: 36.6462
	Massa: 0
Misura #47
	Istante t: 60
	Coord velocità: (0.282768, 0.526037, 0.706636, 0.379464, )
	Energia cinetica: 37.4863
	Massa: 0
Misura #48
	Istante t: 61
	Coord velocità: (0.451474, 0.0957421, 0.886321, 0.0379485, )
	Energia cinetica: 32.2253
	Massa: 0
Misura #49
	Istante t: 62
	Coord velocità: (0.523624, 0.492994, 0.694819, 0.000931091, )
	Energia cinetica: 35.9124
	Massa: 0
Misura #50
	Istante t: 63
	Coord velocità: (0.325577, 0.774756, 0.0961902, 0.533385, )
	Energia cinetica: 34.3693
	Massa: 0
Misura #51
	Istante t: 64
	Coord velocità: (0.265655, 0.36404, 0.648781, 0.613176, )
	Energia cinetica: 50.0637
	Massa: 0
Misura #52
	Istante t: 65
	Coord velocità: (0.305546, 0.230847, 0.592906, 0.708389, )
	Energia cinetica: 37.6064
	Massa: 0
Misura #53
	Istante t: 66
	Coord velocità: (0.10492, 0.978481, 0.0277314, 0.175491, )
	Energia cinetica: 33.1635
	Massa: 0
Misura #54
	Istante t: 67
	Coord velocità: (0.146445, 0.738301, 0.657315, 0.0374516, )
	Energia cinetica: 40.6188
	Massa: 0
Misura #55
	Istante t: 68
	Coord velocità: (0.607602, 0.573425, 0.492067, 0.24469, )
	Energia cinetica: 28.9288
	Massa: 0
Misura #56
	Istante t: 71
	Coord velocità: (0.339466, 0.410593, 0.200707, 0.822127, )
	Energia cinetica: 39.8085
	Massa: 0
Misura #57
	Istante t: 73
	Coord velocità: (0.621706, 0.141054, 0.641626, 0.426499, )
	Energia cinetica: 34.9534
	Massa: 0
Misura #58
	Istante t: 74
	Coord velocità: (0.491283, 0.0292874, 0.523363, 0.695611, )
	Energia cinetica: 36.9528
	Massa: 0
Misura #59
	Istante t: 75
	Coord velocità: (0.551858, 0.54347, 0.209045, 0.596987, )
	Energia cinetica: 36.7412
	Massa: 0
Misura #60
	Istante t: 76
	Coord velocità: (0.488882, 0.76042, 0.413297, 0.109279, )
	Energia cinetica: 41.1458
	Massa: 0
Misura #61
	Istante t: 77
	Coord velocità: (0.647504, 0.626312, 0.424863, 0.089242, )
	Energia cinetica: 34.2556
	Massa: 0
Misura #62
	Istante t: 78
	Coord velocità: (0.186412, 0.861243, 0.287717, 0.375141, )
	Energia cinetica: 40.1467
	Massa: 0
Misura #63
	Istante t: 79
	Coord velocità: (0.575392, 0.0271202, 0.817042, 0.0251216, )
	Energia cinetica: 34.6654
	Massa: 0
Misura #64
	Istante t: 80
	Coord velocità: (0.892245, 0.16532, 0.0381571, 0.418464, )
	Energia cinetica: 34.3629
	Massa: 0
Misura #65
	Istante t: 81
	Coord velocità: (0.302953, 0.0827176, 0.753562, 0.577513, )
	Energia cinetica: 29.6806
	Massa: 0
Misura #66
	Istante t: 83
	Coord velocità: (0.799447, 0.542757, 0.199119, 0.163252, )
	Energia cinetica: 34.9703
	Massa: 0
Misura #67
	Istante t: 85
	Coord velocità: (0.347982, 0.0881534, 0.601582, 0.713608, )
	Energia cinetica: 35.1391
	Massa: 0
Misura #68
	Istante t: 86
	Coord velocità: (0.144803, 0.119307, 0.936919, 0.294924, )
	Energia cinetica: 30.7473
	Massa: 0
Misura #69
	Istante t: 89
	Coord velocità: (0.620017, 0.0995478, 0.777477, 0.0346119, )
	Energia cinetica: 42.2901
	Massa: 0
Misura #70
	Istante t: 90
	Coord velocità: (0.423142, 0.413675, 0.595717, 0.543089, )
	Energia cinetica: 32.7629
	Massa: 0
Misura #71
	Istante t: 92
	Coord velocità: (0.58321, 0.383426, 0.695762, 0.169601, )
	Energia cinetica: 34.1209
	Massa: 0
Misura #72
	Istante t: 93
	Coord velocità: (0.389356, 0.249323, 0.796651, 0.389343, )
	Energia cinetica: 24.3603
	Massa: 0
Misura #73
	Istante t: 96
	Coord velocità: (0.0347966, 0.99295, 0.0103319, 0.112838, )
	Energia cinetica: 35.6895
	Massa: 0
Misura #74
	Istante t: 97
	Coord velocità: (0.713379, 0.666064, 0.142131, 0.16507, )
	Energia cinetica: 35.5342
	Massa: 0
Misura #75
	Istante t: 100
	Coord velocità: (0.127772, 0.683278, 0.250074, 0.673994, )
	Energia cinetica: 48.005
	Massa: 0
Misura #76
	Istante t: 101
	Coord velocità: (0.220527, 0.365954, 0.05458, 0.902478, )
	Energia cinetica: 30.1757
	Massa: 0
Misura #77
	Istante t: 102
	Coord velocità: (0.502491, 0.127997, 0.339568, 0.784738, )
	Energia cinetica: 38.623
	Massa: 0
Misura #78
	Istante t: 103
	Coord velocità: (0.598374, 0.57102, 0.0328985, 0.561072, )
	Energia cinetica: 41.7949
	Massa: 0
Misura #79
	Istante t: 104
	Coord velocità: (0.542041, 0.280462, 0.35797, 0.706675, )
	Energia cinetica: 33.6349
	Massa: 0
Misura #80
	Istante t: 106
	Coord velocità: (0.541497, 0.488053, 0.413872, 0.545247, )
	Energia cinetica: 41.1914
	Massa: 0
Misura #81
	Istante t: 107
	Coord velocità: (0.121358, 0.197754, 0.903681, 0.359898, )
	Energia cinetica: 40.6026
	Massa: 0
Misura #82
	Istante t: 108
	Coord velocità: (0.223216, 0.871106, 0.291399, 0.326244, )
	Energia cinetica: 37.8038
	Massa: 0
Misura #83
	Istante t: 109
	Coord velocità: (0.574339, 0.573892, 0.167435, 0.559239, )
	Energia cinetica: 37.0729
	Massa: 0
Misura #84
	Istante t: 110
	Coord velocità: (0.21931, 0.201106, 0.647197, 0.701852, )
	Energia cinetica: 34.0409
	Massa: 0
Misura #85
	Istante t: 111
	Coord velocità: (0.588144, 0.541384, 0.481145, 0.359846, )
	Energia cinetica: 44.8159
	Massa: 0
Misura #86
	Istante t: 113
	Coord velocità: (0.0757072, 0.747178, 0.0680853, 0.656778, )
	Energia cinetica: 30.8492
	Massa: 0
Misura #87
	Istante t: 116
	Coord velocità: (0.33604, 0.413955, 0.557482, 0.636343, )
	Energia cinetica: 39.8507
	Massa: 0
Misura #88
	Istante t: 118
	Coord velocità: (0.572012, 0.338987, 0.135057, 0.734609, )
	Energia cinetica: 28.1489
	Massa: 0
Misura #89
	Istante t: 120
	Coord velocità: (0.610459, 0.360126, 0.657999, 0.254334, )
	Energia cinetica: 35.1254
	Massa: 0
Misura #90
	Istante t: 122
	Coord velocità: (0.269378, 0.246943, 0.734332, 0.572023, )
	Energia cinetica: 40.3707
	Massa: 0
Misura #91
	Istante t: 123
	Coord velocità: (0.297429, 0.584404, 0.0967278, 0.748767, )
	Energia cinetica: 38.2934
	Massa: 0
Misura #92
	Istante t: 124
	Coord velocità: (0.207104, 0.444133, 0.80888, 0.324911, )
	Energia cinetica: 33.5739
	Massa: 0
Misura #93
	Istante t: 125
	Coord velocità: (0.270495, 0.568826, 0.281583, 0.723865, )
	Energia cinetica: 33.2116
	Massa: 0
Misura #94
	Istante t: 126
	Coord velocità: (0.568966, 0.030323, 0.689932, 0.446489, )
	Energia cinetica: 40.7666
	Massa: 0
Misura #95
	Istante t: 129
	Coord velocità: (0.341483, 0.0983153, 0.870909, 0.339472, )
	Energia cinetica: 31.627
	Massa: 0
Misura #96
	Istante t: 130
	Coord velocità: (0.188411, 0.632902, 0.531203, 0.530811, )
	Energia cinetica: 33.2361
	Massa: 0
Misura #97
	Istante t: 132
	Coord velocità: (0.272594, 0.373935, 0.882675, 0.0821576, )
	Energia cinetica: 34.8996
	Massa: 0
Misura #98
	Istante t: 133
	Coord velocità: (0.855343, 0.0389678, 0.504483, 0.111207, )
	Energia cinetica: 36.2762
	Massa: 0
Misura #99
	Istante t: 134
	Coord velocità: (0.460597, 0.234054, 0.637484, 0.571562, )
	Energia cinetica: 38.3606
	Massa: 0
Misura #100
	Istante t: 135
	Coord velocità: (0.0708647, 0.722814, 0.657975, 0.198962, )
	Energia cinetica: 43.4471
	Massa: 0
Misura #101
	Istante t: 136
	Coord velocità: (0.507052, 0.201222, 0.425584, 0.722002, )
	Energia cinetica: 34.3284
	Massa: 0
Misura #102
	Istante t: 137
	Coord velocità: (0.180134, 0.414469, 0.772461, 0.446174, )
	Energia cinetica: 39.6477
	Massa: 0
Misura #103
	Istante t: 139
	Coord velocità: (0.63001, 0.285822, 0.503137, 0.517926, )
	Energia cinetica: 34.2014
	Massa: 0
Misura #104
	Istante t: 140
	Coord velocità: (0.42304, 0.65769, 0.622656, 0.0279361, )
	Energia cinetica: 39.0966
	Massa: 0
Misura #105
	Istante t: 141
	Coord velocità: (0.759045, 0.555063, 0.340214, 0.00328952, )
	Energia cinetica: 44.5099
	Massa: 0
Misura #106
	Istante t: 142
	Coord velocità: (0.193234, 0.763311, 0.586939, 0.188466, )
	Energia cinetica: 39.5991
	Massa: 0
Misura #107
	Istante t: 144
	Coord velocità: (0.544306, 0.286974, 0.614463, 0.493773, )
	Energia cinetica: 31.9669
	Massa: 0
Misura #108
	Istante t: 145
	Coord velocità: (0.145697, 0.129077, 0.693016, 0.694147, )
	Energia cinetica: 43.916
	Massa: 0
Misura #109
	Istante t: 146
	Coord velocità: (0.200813, 0.647059, 0.239457, 0.695448, )
	Energia cinetica: 35.9187
	Massa: 0
Misura #110
	Istante t: 150
	Coord velocità: (0.238586, 0.71353, 0.283387, 0.59468, )
	Energia cinetica: 29.0546
	Massa: 0
Misura #111
	Istante t: 152
	Coord velocità: (0.535748, 0.363985, 0.728037, 0.224615, )
	Energia cinetica: 43.1275
	Massa: 0
Misura #112
	Istante t: 153
	Coord velocità: (0.595706, 0.604003, 0.223615, 0.479907, )
	Energia cinetica: 27.2923
	Massa: 0
Misura #113
	Istante t: 154
	Coord velocità: (0.775355, 0.255617, 0.429747, 0.38575, )
	Energia cinetica: 33.2895
	Massa: 0
Misura #114
	Istante t: 155
	Coord velocità: (0.0447433, 0.515484, 0.0642208, 0.853317, )
	Energia cinetica: 34.5028
	Massa: 0
Misura #115
	Istante t: 156
	Coord velocità: (0.00428323, 0.800768, 0.547919, 0.241945, )
	Energia cinetica: 41.5544
	Massa: 0
Misura #116
	Istante t: 157
	Coord velocità: (0.0295725, 0.0725715, 0.67061, 0.737659, )
	Energia cinetica: 41.6525
	Massa: 0
Misura #117
	Istante t: 158
	Coord velocità: (0.624913, 0.0267088, 0.377947, 0.682588, )
	Energia cinetica: 38.6942
	Massa: 0
Misura #118
	Istante t: 159
	Coord velocità: (0.22806, 0.611596, 0.593578, 0.470748, )
	Energia cinetica: 35.353
	Massa: 0
Misura #119
	Istante t: 160
	Coord velocità: (0.740379, 0.438073, 0.350196, 0.370531, )
	Energia cinetica: 37.4087
	Massa: 0
Misura #120
	Istante t: 161
	Coord velocità: (0.891643, 0.302137, 0.187839, 0.280006, )
	Energia cinetica: 36.5034
	Massa: 0
Misura #121
	Istante t: 162
	Coord velocità: (0.556115, 0.573207, 0.228198, 0.556863, )
	Energia cinetica: 36.6753
	Massa: 0
Misura #122
	Istante t: 164
	Coord velocità: (0.409907, 0.33877, 0.728927, 0.431133, )
	Energia cinetica: 36.3794
	Massa: 0
Misura #123
	Istante t: 166
	Coord velocità: (0.684136, 0.528858, 0.362949, 0.347183, )
	Energia cinetica: 33.7256
	Massa: 0
Misura #124
	Istante t: 167
	Coord velocità: (0.214495, 0.579761, 0.693599, 0.369852, )
	Energia cinetica: 39.4289
	Massa: 0
Misura #125
	Istante t: 168
	Coord velocità: (0.636664, 0.458662, 0.599198, 0.158902, )
	Energia cinetica: 34.2372
	Massa: 0
Misura #126
	Istante t: 170
	Coord velocità: (0.607604, 0.568068, 0.499388, 0.242337, )
	Energia cinetica: 33.9628
	Massa: 0
Misura #127
	Istante t: 171
	Coord velocità: (0.196658, 0.504164, 0.0956177, 0.835465, )
	Energia cinetica: 29.0537
	Massa: 0
Misura #128
	Istante t: 173
	Coord velocità: (0.0103535, 0.145794, 0.761267, 0.631751, )
	Energia cinetica: 43.3509
	Massa: 0
Misura #129
	Istante t: 175
	Coord velocità: (0.649255, 0.0170649, 0.594352, 0.47426, )
	Energia cinetica: 38.7349
	Massa: 0
Misura #130
	Istante t: 176
	Coord velocità: (0.188747, 0.440169, 0.631445, 0.609839, )
	Energia cinetica: 33.8252
	Massa: 0
Misura #131
	Istante t: 179
	Coord velocità: (0.0129676, 0.495954, 0.283165, 0.82078, )
	Energia cinetica: 35.3803
	Massa: 0
Misura #132
	Istante t: 181
	Coord velocità: (0.0740184, 0.0822533, 0.551742, 0.826642, )
	Energia cinetica: 35.572
	Massa: 0
Misura #133
	Istante t: 182
	Coord velocità: (0.604267, 0.44051, 0.562018, 0.353479, )
	Energia cinetica: 39.1148
	Massa: 0
Misura #134
	Istante t: 184
	Coord velocità: (0.822789, 0.169587, 0.085165, 0.535729, )
	Energia cinetica: 32.4832
	Massa: 0
Misura #135
	Istante t: 187
	Coord velocità: (0.0620803, 0.664584, 0.495751, 0.555613, )
	Energia cinetica: 43.3356
	Massa: 0
Misura #136
	Istante t: 188
	Coord velocità: (0.688077, 0.582765, 0.264891, 0.341713, )
	Energia cinetica: 29.1637
	Massa: 0
Misura #137
	Istante t: 189
	Coord velocità: (0.406225, 0.774954, 0.477362, 0.0809536, )
	Energia cinetica: 35.0597
	Massa: 0
Misura #138
	Istante t: 190
	Coord velocità: (0.297641, 0.553066, 0.336238, 0.701763, )
	Energia cinetica: 37.4668
	Massa: 0
Misura #139
	Istante t: 191
	Coord velocità: (0.944697, 0.235019, 0.221916, 0.0553772, )
	Energia cinetica: 35.8249
	Massa: 0
Misura #140
	Istante t: 194
	Coord velocità: (0.375021, 0.882605, 0.240136, 0.150674, )
	Energia cinetica: 37.6981
	Massa: 0
Misura #141
	Istante t: 196
	Coord velocità: (0.512219, 0.160326, 0.657522, 0.528764, )
	Energia cinetica: 37.7324
	Massa: 0
Misura #142
	Istante t: 198
	Coord velocità: (0.522273, 0.592116, 0.474451, 0.389264, )
	Energia cinetica: 34.5763
	Massa: 0
Misura #143
	Istante t: 199
	Coord velocità: (0.481929, 0.0322812, 0.688529, 0.540954, )
	Energia cinetica: 35.7101
	Massa: 0
Misura #144
	Istante t: 200
	Coord velocità: (0.416684, 0.670209, 0.613654, 0.0249759, )
	Energia cinetica: 33.8832
	Massa: 0
Misura #145
	Istante t: 204
	Coord velocità: (0.149184, 0.324646, 0.69007, 0.629406, )
	Energia cinetica: 36.8776
	Massa: 0
Misura #146
	Istante t: 206
	Coord velocità: (0.181548, 0.488482, 0.821913, 0.229966, )
	Energia cinetica: 32.7094
	Massa: 0
Misura #147
	Istante t: 208
	Coord velocità: (0.752336, 0.609116, 0.220163, 0.120405, )
	Energia cinetica: 36.8332
	Massa: 0
Misura #148
	Istante t: 209
	Coord velocità: (0.210702, 0.448584, 0.675081, 0.546483, )
	Energia cinetica: 39.1031
	Massa: 0
Misura #149
	Istante t: 210
	Coord velocità: (0.0488684, 0.108756, 0.151902, 0.981178, )
	Energia cinetica: 41.6972
	Massa: 0
Misura #150
	Istante t: 212
	Coord velocità: (0.637584, 0.328731, 0.573222, 0.39603, )
	Energia cinetica: 27.6391
	Massa: 0
Misura #151
	Istante t: 213
	Coord velocità: (0.603288, 0.299551, 0.299788, 0.675603, )
	Energia cinetica: 33.0303
	Massa: 0
Misura #152
	Istante t: 214
	Coord velocità: (0.714663, 0.287775, 0.200821, 0.605072, )
	Energia cinetica: 36.0168
	Massa: 0
Misura #153
	Istante t: 215
	Coord velocità: (0.602846, 0.157539, 0.450609, 0.639304, )
	Energia cinetica: 37.8446
	Massa: 0
Misura #154
	Istante t: 216
	Coord velocità: (0.71442, 0.500522, 0.47944, 0.0960143, )
	Energia cinetica: 44.6779
	Massa: 0
Misura #155
	Istante t: 217
	Coord velocità: (0.757542, 0.176532, 0.31752, 0.542354, )
	Energia cinetica: 34.9662
	Massa: 0
Misura #156
	Istante t: 218
	Coord velocità: (0.0291433, 0.0554535, 0.772157, 0.632336, )
	Energia cinetica: 27.5179
	Massa: 0
Misura #157
	Istante t: 219
	Coord velocità: (0.563737, 0.758965, 0.140129, 0.294172, )
	Energia cinetica: 41.7598
	Massa: 0
Misura #158
	Istante t: 220
	Coord velocità: (0.0256909, 0.667485, 0.637057, 0.384659, )
	Energia cinetica: 31.5982
	Massa: 0
Misura #159
	Istante t: 221
	Coord velocità: (0.776721, 0.23965, 0.062911, 0.579064, )
	Energia cinetica: 42.9072
	Massa: 0
Misura #160
	Istante t: 222
	Coord velocità: (0.308959, 0.167159, 0.349502, 0.868591, )
	Energia cinetica: 31.9715
	Massa: 0
Misura #161
	Istante t: 223
	Coord velocità: (0.382312, 0.337435, 0.458081, 0.728105, )
	Energia cinetica: 45.805
	Massa: 0
Misura #162
	Istante t: 224
	Coord velocità: (0.597648, 0.043646, 0.649774, 0.46766, )
	Energia cinetica: 42.8885
	Massa: 0
Misura #163
	Istante t: 225
	Coord velocità: (0.433496, 0.315242, 0.81616, 0.215842, )
	Energia cinetica: 36.009
	Massa: 0
Misura #164
	Istante t: 226
	Coord velocità: (0.141401, 0.537763, 0.679741, 0.478298, )
	Energia cinetica: 28.0085
	Massa: 0
Misura #165
	Istante t: 228
	Coord velocità: (0.529283, 0.552147, 0.384034, 0.517215, )
	Energia cinetica: 43.1592
	Massa: 0
Misura #166
	Istante t: 229
	Coord velocità: (0.658834, 0.62415, 0.418928, 0.0295714, )
	Energia cinetica: 37.2882
	Massa: 0
Misura #167
	Istante t: 230
	Coord velocità: (0.86927, 0.0408908, 0.168628, 0.462885, )
	Energia cinetica: 29.2676
	Massa: 0
Misura #168
	Istante t: 232
	Coord velocità: (0.34354, 0.737114, 0.470181, 0.342888, )
	Energia cinetica: 37.4124
	Massa: 0
Misura #169
	Istante t: 233
	Coord velocità: (0.254757, 0.851457, 0.175368, 0.423517, )
	Energia cinetica: 40.1913
	Massa: 0
Misura #170
	Istante t: 234
	Coord velocità: (0.501598, 0.598235, 0.282398, 0.557464, )
	Energia cinetica: 42.3913
	Massa: 0
Misura #171
	Istante t: 235
	Coord velocità: (0.392127, 0.333166, 0.854169, 0.075045, )
	Energia cinetica: 31.0487
	Massa: 0
Misura #172
	Istante t: 236
	Coord velocità: (0.580465, 0.712694, 0.308674, 0.244639, )
	Energia cinetica: 37.5949
	Massa: 0
Misura #173
	Istante t: 237
	Coord velocità: (0.125929, 0.50813, 0.723149, 0.450556, )
	Energia cinetica: 41.2377
	Massa: 0
Misura #174
	Istante t: 238
	Coord velocità: (0.972482, 0.157209, 0.146911, 0.089343, )
	Energia cinetica: 37.973
	Massa: 0
Misura #175
	Istante t: 239
	Coord velocità: (0.581284, 0.261436, 0.54547, 0.544263, )
	Energia cinetica: 42.7645
	Massa: 0
Misura #176
	Istante t: 240
	Coord velocità: (0.62102, 0.476347, 0.622436, 0.000843289, )
	Energia cinetica: 40.9016
	Massa: 0
Misura #177
	Istante t: 241
	Coord velocità: (0.261697, 0.065485, 0.13776, 0.953021, )
	Energia cinetica: 30.3524
	Massa: 0
Misura #178
	Istante t: 245
	Coord velocità: (0.0169197, 0.601811, 0.700297, 0.383564, )
	Energia cinetica: 34.4682
	Massa: 0
Misura #179
	Istante t: 246
	Coord velocità: (0.164802, 0.330106, 0.705471, 0.605128, )
	Energia cinetica: 37.2488
	Massa: 0
Misura #180
	Istante t: 247
	Coord velocità: (0.578292, 0.406565, 0.689292, 0.158615, )
	Energia cinetica: 37.8095
	Massa: 0
Misura #181
	Istante t: 248
	Coord velocità: (0.790185, 0.528913, 0.212514, 0.225158, )
	Energia cinetica: 23.8898
	Massa: 0
Misura #182
	Istante t: 250
	Coord velocità: (0.606947, 0.565058, 0.204778, 0.51999, )
	Energia cinetica: 25.7502
	Massa: 0
Misura #183
	Istante t: 252
	Coord velocità: (0.582011, 0.812975, 0.000885553, 0.0182567, )
	Energia cinetica: 37.2827
	Massa: 0
Misura #184
	Istante t: 253
	Coord velocità: (0.223408, 0.778537, 0.193851, 0.553526, )
	Energia cinetica: 33.7829
	Massa: 0
Misura #185
	Istante t: 254
	Coord velocità: (0.0255322, 0.689874, 0.723421, 0.00921197, )
	Energia cinetica: 39.0587
	Massa: 0
Misura #186
	Istante t: 255
	Coord velocità: (0.41616, 0.0573848, 0.178392, 0.889772, )
	Energia cinetica: 46.9746
	Massa: 0
Misura #187
	Istante t: 258
	Coord velocità: (0.339319, 0.495337, 0.770648, 0.213555, )
	Energia cinetica: 38.1556
	Massa: 0
Misura #188
	Istante t: 259
	Coord velocità: (0.447357, 0.600065, 0.503245, 0.431901, )
	Energia cinetica: 40.6828
	Massa: 0
Misura #189
	Istante t: 260
	Coord velocità: (0.628297, 0.250046, 0.635512, 0.37262, )
	Energia cinetica: 36.9758
	Massa: 0
Misura #190
	Istante t: 261
	Coord velocità: (0.670734, 0.508427, 0.0232246, 0.539517, )
	Energia cinetica: 39.2725
	Massa: 0
Misura #191
	Istante t: 263
	Coord velocità: (0.216096, 0.655241, 0.132732, 0.711578, )
	Energia cinetica: 37.9754
	Massa: 0
Misura #192
	Istante t: 264
	Coord velocità: (0.560249, 0.317224, 0.581171, 0.497725, )
	Energia cinetica: 37.7575
	Massa: 0
Misura #193
	Istante t: 266
	Coord velocità: (0.627867, 0.465044, 0.603439, 0.159308, )
	Energia cinetica: 31.1166
	Massa: 0
Misura #194
	Istante t: 268
	Coord velocità: (0.52067, 0.822846, 0.221364, 0.0531507, )
	Energia cinetica: 43.1786
	Massa: 0
Misura #195
	Istante t: 269
	Coord velocità: (0.0659428, 0.350912, 0.722912, 0.591532, )
	Energia cinetica: 35.9389
	Massa: 0
Misura #196
	Istante t: 270
	Coord velocità: (0.391, 0.559732, 0.359039, 0.636326, )
	Energia cinetica: 46.6001
	Massa: 0
Misura #197
	Istante t: 271
	Coord velocità: (0.748341, 0.550039, 0.265346, 0.258909, )
	Energia cinetica: 43.4706
	Massa: 0
Misura #198
	Istante t: 274
	Coord velocità: (0.0998747, 0.0287993, 0.69281, 0.71359, )
	Energia cinetica: 38.8426
	Massa: 0
Misura #199
	Istante t: 275
	Coord velocità: (0.0262308, 0.687545, 0.312928, 0.654729, )
	Energia cinetica: 42.0331
	Massa: 0
Misura #200
	Istante t: 276
	Coord velocità: (0.809236, 0.488769, 0.22063, 0.239924, )
	Energia cinetica: 37.0969
	Massa: 0
Misura #201
	Istante t: 278
	Coord velocità: (0.327324, 0.326909, 0.662693, 0.588921, )
	Energia cinetica: 38.1441
	Massa: 0
Misura #202
	Istante t: 279
	Coord velocità: (0.562818, 0.665034, 0.475296, 0.122714, )
	Energia cinetica: 36.1248
	Massa: 0
Misura #203
	Istante t: 280
	Coord velocità: (0.203116, 0.699864, 0.683461, 0.0426077, )
	Energia cinetica: 37.1393
	Massa: 0
Misura #204
	Istante t: 281
	Coord velocità: (0.236574, 0.489511, 0.371542, 0.752574, )
	Energia cinetica: 39.9817
	Massa: 0
Misura #205
	Istante t: 282
	Coord velocità: (0.597846, 0.234616, 0.232504, 0.730395, )
	Energia cinetica: 33.5873
	Massa: 0
Misura #206
	Istante t: 283
	Coord velocità: (0.625133, 0.547416, 0.148281, 0.536244, )
	Energia cinetica: 28.6543
	Massa: 0
Misura #207
	Istante t: 284
	Coord velocità: (0.209845, 0.311431, 0.568711, 0.731808, )
	Energia cinetica: 34.3453
	Massa: 0
Misura #208
	Istante t: 286
	Coord velocità: (0.62604, 0.77415, 0.0493568, 0.0795639, )
	Energia cinetica: 37.4108
	Massa: 0
Misura #209
	Istante t: 289
	Coord velocità: (0.337752, 0.649365, 0.582789, 0.352995, )
	Energia cinetica: 35.572
	Massa: 0
Misura #210
	Istante t: 291
	Coord velocità: (0.659172, 0.0887537, 0.106777, 0.739063, )
	Energia cinetica: 47.9281
	Massa: 0
Misura #211
	Istante t: 293
	Coord velocità: (0.080257, 0.734619, 0.542782, 0.3991, )
	Energia cinetica: 39.3621
	Massa: 0
Misura #212
	Istante t: 295
	Coord velocità: (0.667346, 0.680682, 0.281527, 0.109838, )
	Energia cinetica: 39.5527
	Massa: 0
Misura #213
	Istante t: 296
	Coord velocità: (0.444593, 0.135867, 0.376316, 0.801413, )
	Energia cinetica: 32.8811
	Massa: 0
Misura #214
	Istante t: 297
	Coord velocità: (0.806178, 0.0858994, 0.391821, 0.434941, )
	Energia cinetica: 44.2475
	Massa: 0
Misura #215
	Istante t: 299
	Coord velocità: (0.0932935, 0.620208, 0.388527, 0.675045, )
	Energia cinetica: 32.05
	Massa: 0
Misura #216
	Istante t: 301
	Coord velocità: (0.661887, 0.370733, 0.538897, 0.366132, )
	Energia cinetica: 28.5991
	Massa: 0
Misura #217
	Istante t: 303
	Coord velocità: (0.47881, 0.443784, 0.517054, 0.553581, )
	Energia cinetica: 35.9341
	Massa: 0
Misura #218
	Istante t: 305
	Coord velocità: (0.870801, 0.27096, 0.175742, 0.370677, )
	Energia cinetica: 34.441
	Massa: 0
Misura #219
	Istante t: 306
	Coord velocità: (0.889606, 0.454631, 0.0143884, 0.0413025, )
	Energia cinetica: 36.2253
	Massa: 0
Misura #220
	Istante t: 307
	Coord velocità: (0.502636, 0.584011, 0.262325, 0.580925, )
	Energia cinetica: 36.9275
	Massa: 0
Misura #221
	Istante t: 308
	Coord velocità: (0.10341, 0.409231, 0.776896, 0.467192, )
	Energia cinetica: 35.0246
	Massa: 0
Misura #222
	Istante t: 310
	Coord velocità: (0.36348, 0.688285, 0.618843, 0.105734, )
	Energia cinetica: 38.4229
	Massa: 0
Misura #223
	Istante t: 311
	Coord velocità: (0.137866, 0.671005, 0.258412, 0.681152, )
	Energia cinetica: 32.7587
	Massa: 0
Misura #224
	Istante t: 312
	Coord velocità: (0.519193, 0.338532, 0.557146, 0.552651, )
	Energia cinetica: 42.8787
	Massa: 0
Misura #225
	Istante t: 316
	Coord velocità: (0.41071, 0.389326, 0.724682, 0.393165, )
	Energia cinetica: 32.3389
	Massa: 0
Misura #226
	Istante t: 318
	Coord velocità: (0.494445, 0.698516, 0.483045, 0.185117, )
	Energia cinetica: 36
	Massa: 0
Misura #227
	Istante t: 319
	Coord velocità: (0.69113, 0.576676, 0.363868, 0.239553, )
	Energia cinetica: 33.9475
	Massa: 0
Misura #228
	Istante t: 320
	Coord velocità: (0.0221325, 0.522081, 0.274997, 0.807043, )
	Energia cinetica: 34.4608
	Massa: 0
Misura #229
	Istante t: 321
	Coord velocità: (0.469286, 0.0020562, 0.71547, 0.517561, )
	Energia cinetica: 41.5138
	Massa: 0
Misura #230
	Istante t: 322
	Coord velocità: (0.510393, 0.405609, 0.637277, 0.410923, )
	Energia cinetica: 33.4029
	Massa: 0
Misura #231
	Istante t: 324
	Coord velocità: (0.421509, 0.693871, 0.411039, 0.414632, )
	Energia cinetica: 43.285
	Massa: 0
Misura #232
	Istante t: 325
	Coord velocità: (0.490179, 0.705042, 0.341429, 0.382186, )
	Energia cinetica: 34.9577
	Massa: 0
Misura #233
	Istante t: 328
	Coord velocità: (0.5657, 0.767537, 0.0946376, 0.286207, )
	Energia cinetica: 26.1001
	Massa: 0
Misura #234
	Istante t: 331
	Coord velocità: (0.247216, 0.705264, 0.553403, 0.36774, )
	Energia cinetica: 38.5645
	Massa: 0
Misura #235
	Istante t: 332
	Coord velocità: (0.827291, 0.0977736, 0.538076, 0.128467, )
	Energia cinetica: 39.5962
	Massa: 0
Misura #236
	Istante t: 333
	Coord velocità: (0.7992, 0.442204, 0.375347, 0.15764, )
	Energia cinetica: 43.4756
	Massa: 0
Misura #237
	Istante t: 334
	Coord velocità: (0.523995, 0.415354, 0.220088, 0.710262, )
	Energia cinetica: 32.197
	Massa: 0
Misura #238
	Istante t: 335
	Coord velocità: (0.635522, 0.596016, 0.162565, 0.463087, )
	Energia cinetica: 30.263
	Massa: 0
Misura #239
	Istante t: 336
	Coord velocità: (0.439501, 0.192729, 0.779575, 0.40244, )
	Energia cinetica: 27.4146
	Massa: 0
Misura #240
	Istante t: 337
	Coord velocità: (0.698988, 0.0527263, 0.0140493, 0.713049, )
	Energia cinetica: 33.7412
	Massa: 0
Misura #241
	Istante t: 338
	Coord velocità: (0.426736, 0.189256, 0.87675, 0.115704, )
	Energia cinetica: 31.7728
	Massa: 0
Misura #242
	Istante t: 339
	Coord velocità: (0.67942, 0.227167, 0.303926, 0.628022, )
	Energia cinetica: 32.7999
	Massa: 0
Misura #243
	Istante t: 341
	Coord velocità: (0.117445, 0.703633, 0.647714, 0.267535, )
	Energia cinetica: 32.7921
	Massa: 0
Misura #1
	Istante t: 1
	Coord velocità: (0.718966, 0.284323, 0.616807, 0.147636, )
	Energia cinetica: 47.4176
	Massa: 94.8352
Misura #2
	Istante t: 2
	Coord velocità: (0.567956, 0.444677, 0.052888, 0.690573, )
	Energia cinetica: 46.2523
	Massa: 92.5047
Misura #3
	Istante t: 3
	Coord velocità: (0.481791, 0.0123225, 0.66447, 0.571144, )
	Energia cinetica: 34.2938
	Massa: 68.5876
Misura #4
	Istante t: 4
	Coord velocità: (0.535525, 0.605015, 0.506136, 0.301655, )
	Energia cinetica: 26.7342
	Massa: 53.4685
Misura #5
	Istante t: 5
	Coord velocità: (0.765072, 0.61343, 0.193769, 0.0286765, )
	Energia cinetica: 40.8636
	Massa: 81.7271
Misura #6
	Istante t: 6
	Coord velocità: (0.406674, 0.460687, 0.625053, 0.481345, )
	Energia cinetica: 34.8218
	Massa: 69.6435
Misura #7
	Istante t: 7
	Coord velocità: (0.423764, 0.619592, 0.570834, 0.332683, )
	Energia cinetica: 43.6208
	Massa: 87.2415
Misura #8
	Istante t: 8
	Coord velocità: (0.461871, 0.589209, 0.480455, 0.456805, )
	Energia cinetica: 33.2817
	Massa: 66.5633
Misura #9
	Istante t: 10
	Coord velocità: (0.204118, 0.590198, 0.404379, 0.668192, )
	Energia cinetica: 32.6743
	Massa: 65.3485
Misura #10
	Istante t: 11
	Coord velocità: (0.20831, 0.655683, 0.467034, 0.555487, )
	Energia cinetica: 31.6618
	Massa: 63.3236
Misura #11
	Istante t: 12
	Coord velocità: (0.643128, 0.646091, 0.0360605, 0.409454, )
	Energia cinetica: 27.2116
	Massa: 54.4233
Misura #12
	Istante t: 13
	Coord velocità: (0.797399, 0.328911, 0.327881, 0.385313, )
	Energia cinetica: 36.7491
	Massa: 73.4983
Misura #13
	Istante t: 14
	Coord velocità: (0.0868628, 0.641505, 0.668567, 0.365984, )
	Energia cinetica: 31.6009
	Massa: 63.2017
Misura #14
	Istante t: 15
	Coord velocità: (0.488715, 0.500467, 0.470291, 0.538067, )
	Energia cinetica: 41.7183
	Massa: 83.4367
Misura #15
	Istante t: 16
	Coord velocità: (0.488035, 0.646179, 0.417147, 0.41263, )
	Energia cinetica: 39.48
	Massa: 78.96
Misura #16
	Istante t: 17
	Coord velocità: (0.368588, 0.3737, 0.396007, 0.753439, )
	Energia cinetica: 21.5319
	Massa: 43.0638
Misura #17
	Istante t: 18
	Coord velocità: (0.55127, 0.105047, 0.262567, 0.784936, )
	Energia cinetica: 49.0544
	Massa: 98.1087
Misura #18
	Istante t: 19
	Coord velocità: (0.609367, 0.465871, 0.573692, 0.287252, )
	Energia cinetica: 32.3566
	Massa: 64.7131
Misura #19
	Istante t: 20
	Coord velocità: (0.0847954, 0.232412, 0.82266, 0.511884, )
	Energia cinetica: 46.9189
	Massa: 93.8378
Misura #20
	Istante t: 21
	Coord velocità: (0.161261, 0.907794, 0.382909, 0.0573144, )
	Energia cinetica: 24.973
	Massa: 49.9459
Misura #21
	Istante t: 22
	Coord velocità: (0.513187, 0.306906, 0.568801, 0.564723, )
	Energia cinetica: 34.1766
	Massa: 68.3532
Misura #22
	Istante t: 23
	Coord velocità: (0.519212, 0.540021, 0.250774, 0.613114, )
	Energia cinetica: 28.5606
	Massa: 57.1212
Misura #23
	Istante t: 24
	Coord velocità: (0.630322, 0.0390666, 0.503493, 0.589629, )
	Energia cinetica: 27.7505
	Massa: 55.501
Misura #24
	Istante t: 26
	Coord velocità: (0.630979, 0.181286, 0.163099, 0.736477, )
	Energia cinetica: 35.3487
	Massa: 70.6975
Misura #25
	Istante t: 27
	Coord velocità: (0.208583, 0.637415, 0.583125, 0.458432, )
	Energia cinetica: 28.9635
	Massa: 57.9271
Misura #26
	Istante t: 29
	Coord velocità: (0.636506, 0.677952, 0.112331, 0.350176, )
	Energia cinetica: 40.1648
	Massa: 80.3297
Misura #27
	Istante t: 30
	Coord velocità: (0.195323, 0.135847, 0.672122, 0.701175, )
	Energia cinetica: 38.567
	Massa: 77.1339
Misura #28
	Istante t: 33
	Coord velocità: (0.327634, 0.215458, 0.709355, 0.585704, )
	Energia cinetica: 34.8016
	Massa: 69.6032
Misura #29
	Istante t: 34
	Coord velocità: (0.59163, 0.337422, 0.604431, 0.413261, )
	Energia cinetica: 35.3728
	Massa: 70.7456
Misura #30
	Istante t: 35
	Coord velocità: (0.421502, 0.216094, 0.0744731, 0.877549, )
	Energia cinetica: 40.4146
	Massa: 80.8293
Misura #31
	Istante t: 36
	Coord velocità: (0.637104, 0.510169, 0.135535, 0.561655, )
	Energia cinetica: 35.2691
	Massa: 70.5381
Misura #32
	Istante t: 37
	Coord velocità: (0.337146, 0.774042, 0.403638, 0.352517, )
	Energia cinetica: 26.289
	Massa: 52.5781
Misura #33
	Istante t: 40
	Coord velocità: (0.213767, 0.612741, 0.625712, 0.432824, )
	Energia cinetica: 34.6817
	Massa: 69.3634
Misura #34
	Istante t: 41
	Coord velocità: (0.47335, 0.303819, 0.430138, 0.706127, )
	Energia cinetica: 39.6368
	Massa: 79.2735
Misura #35
	Istante t: 44
	Coord velocità: (0.645392, 0.728402, 0.198498, 0.11618, )
	Energia cinetica: 28.1273
	Massa: 56.2545
Misura #36
	Istante t: 45
	Coord velocità: (0.457141, 0.696009, 0.446479, 0.327492, )
	Energia cinetica: 45.8929
	Massa: 91.7857
Misura #37
	Istante t: 46
	Coord velocità: (0.897742, 0.326617, 0.0407133, 0.292783, )
	Energia cinetica: 29.503
	Massa: 59.006
Misura #38
	Istante t: 49
	Coord velocità: (0.682646, 0.265142, 0.625253, 0.269729, )
	Energia cinetica: 22.3629
	Massa: 44.7258
Misura #39
	Istante t: 50
	Coord velocità: (0.162985, 0.00737985, 0.738732, 0.653955, )
	Energia cinetica: 33.2017
	Massa: 66.4034
Misura #40
	Istante t: 51
	Coord velocità: (0.397531, 0.489658, 0.433845, 0.643414, )
	Energia cinetica: 46.3793
	Massa: 92.7587
Misura #41
	Istante t: 52
	Coord velocità: (0.317276, 0.414087, 0.827829, 0.206318, )
	Energia cinetica: 33.661
	Massa: 67.3219
Misura #42
	Istante t: 54
	Coord velocità: (0.269116, 0.203278, 0.439463, 0.832543, )
	Energia cinetica: 31.5005
	Massa: 63.0011
Misura #43
	Istante t: 55
	Coord velocità: (0.776123, 0.59375, 0.00318957, 0.212327, )
	Energia cinetica: 38.3378
	Massa: 76.6757
Misura #44
	Istante t: 56
	Coord velocità: (0.268975, 0.563908, 0.659606, 0.417829, )
	Energia cinetica: 31.2387
	Massa: 62.4775
Misura #45
	Istante t: 58
	Coord velocità: (0.203824, 0.719884, 0.289041, 0.597225, )
	Energia cinetica: 37.6791
	Massa: 75.3581
Misura #46
	Istante t: 59
	Coord velocità: (0.424866, 0.589805, 0.107729, 0.678243, )
	Energia cinetica: 36.6462
	Massa: 73.2924
Misura #47
	Istante t: 60
	Coord velocità: (0.282768, 0.526037, 0.706636, 0.379464, )
	Energia cinetica: 37.4863
	Massa: 74.9725
Misura #48
	Istante t: 61
	Coord velocità: (0.451474, 0.0957421, 0.886321, 0.0379485, )
	Energia cinetica: 32.2253
	Massa: 64.4506
Misura #49
	Istante t: 62
	Coord velocità: (0.523624, 0.492994, 0.694819, 0.000931091, )
	Energia cinetica: 35.9124
	Massa: 71.8248
Misura #50
	Istante t: 63
	Coord velocità: (0.325577, 0.774756, 0.0961902, 0.533385, )
	Energia cinetica: 34.3693
	Massa: 68.7387
Misura #51
	Istante t: 64
	Coord velocità: (0.265655, 0.36404, 0.648781, 0.613176, )
	Energia cinetica: 50.0637
	Massa: 100.127
Misura #52
	Istante t: 65
	Coord velocità: (0.305546, 0.230847, 0.592906, 0.708389, )
	Energia cinetica: 37.6064
	Massa: 75.2128
Misura #53
	Istante t: 66
	Coord velocità: (0.10492, 0.978481, 0.0277314, 0.175491, )
	Energia cinetica: 33.1635
	Massa: 66.3269
Misura #54
	Istante t: 67
	Coord velocità: (0.146445, 0.738301, 0.657315, 0.0374516, )
	Energia cinetica: 40.6188
	Massa: 81.2376
Misura #55
	Istante t: 68
	Coord velocità: (0.607602, 0.573425, 0.492067, 0.24469, )
	Energia cinetica: 28.9288
	Massa: 57.8576
Misura #56
	Istante t: 71
	Coord velocità: (0.339466, 0.410593, 0.200707, 0.822127, )
	Energia cinetica: 39.8085
	Massa: 79.617
Misura #57
	Istante t: 73
	Coord velocità: (0.621706, 0.141054, 0.641626, 0.426499, )
	Energia cinetica: 34.9534
	Massa: 69.9068
Misura #58
	Istante t: 74
	Coord velocità: (0.491283, 0.0292874, 0.523363, 0.695611, )
	Energia cinetica: 36.9528
	Massa: 73.9056
Misura #59
	Istante t: 75
	Coord velocità: (0.551858, 0.54347, 0.209045, 0.596987, )
	Energia cinetica: 36.7412
	Massa: 73.4824
Misura #60
	Istante t: 76
	Coord velocità: (0.488882, 0.76042, 0.413297, 0.109279, )
	Energia cinetica: 41.1458
	Massa: 82.2916
Misura #61
	Istante t: 77
	Coord velocità: (0.647504, 0.626312, 0.424863, 0.089242, )
	Energia cinetica: 34.2556
	Massa: 68.5112
Misura #62
	Istante t: 78
	Coord velocità: (0.186412, 0.861243, 0.287717, 0.375141, )
	Energia cinetica: 40.1467
	Massa: 80.2935
Misura #63
	Istante t: 79
	Coord velocità: (0.575392, 0.0271202, 0.817042, 0.0251216, )
	Energia cinetica: 34.6654
	Massa: 69.3308
Misura #64
	Istante t: 80
	Coord velocità: (0.892245, 0.16532, 0.0381571, 0.418464, )
	Energia cinetica: 34.3629
	Massa: 68.7258
Misura #65
	Istante t: 81
	Coord velocità: (0.302953, 0.0827176, 0.753562, 0.577513, )
	Energia cinetica: 29.6806
	Massa: 59.3612
Misura #66
	Istante t: 83
	Coord velocità: (0.799447, 0.542757, 0.199119, 0.163252, )
	Energia cinetica: 34.9703
	Massa: 69.9406
Misura #67
	Istante t: 85
	Coord velocità: (0.347982, 0.0881534, 0.601582, 0.713608, )
	Energia cinetica: 35.1391
	Massa: 70.2783
Misura #68
	Istante t: 86
	Coord velocità: (0.144803, 0.119307, 0.936919, 0.294924, )
	Energia cinetica: 30.7473
	Massa: 61.4946
Misura #69
	Istante t: 89
	Coord velocità: (0.620017, 0.0995478, 0.777477, 0.0346119, )
	Energia cinetica: 42.2901
	Massa: 84.5803
Misura #70
	Istante t: 90
	Coord velocità: (0.423142, 0.413675, 0.595717, 0.543089, )
	Energia cinetica: 32.7629
	Massa: 65.5257
Misura #71
	Istante t: 92
	Coord velocità: (0.58321, 0.383426, 0.695762, 0.169601, )
	Energia cinetica: 34.1209
	Massa: 68.2417
Misura #72
	Istante t: 93
	Coord velocità: (0.389356, 0.249323, 0.796651, 0.389343, )
	Energia cinetica: 24.3603
	Massa: 48.7205
Misura #73
	Istante t: 96
	Coord velocità: (0.0347966, 0.99295, 0.0103319, 0.112838, )
	Energia cinetica: 35.6895
	Massa: 71.379
Misura #74
	Istante t: 97
	Coord velocità: (0.713379, 0.666064, 0.142131, 0.16507, )
	Energia cinetica: 35.5342
	Massa: 71.0685
Misura #75
	Istante t: 100
	Coord velocità: (0.127772, 0.683278, 0.250074, 0.673994, )
	Energia cinetica: 48.005
	Massa: 96.01
Misura #76
	Istante t: 101
	Coord velocità: (0.220527, 0.365954, 0.05458, 0.902478, )
	Energia cinetica: 30.1757
	Massa: 60.3514
Misura #77
	Istante t: 102
	Coord velocità: (0.502491, 0.127997, 0.339568, 0.784738, )
	Energia cinetica: 38.623
	Massa: 77.246
Misura #78
	Istante t: 103
	Coord velocità: (0.598374, 0.57102, 0.0328985, 0.561072, )
	Energia cinetica: 41.7949
	Massa: 83.5898
Misura #79
	Istante t: 104
	Coord velocità: (0.542041, 0.280462, 0.35797, 0.706675, )
	Energia cinetica: 33.6349
	Massa: 67.2698
Misura #80
	Istante t: 106
	Coord velocità: (0.541497, 0.488053, 0.413872, 0.545247, )
	Energia cinetica: 41.1914
	Massa: 82.3828
Misura #81
	Istante t: 107
	Coord velocità: (0.121358, 0.197754, 0.903681, 0.359898, )
	Energia cinetica: 40.6026
	Massa: 81.2052
Misura #82
	Istante t: 108
	Coord velocità: (0.223216, 0.871106, 0.291399, 0.326244, )
	Energia cinetica: 37.8038
	Massa: 75.6076
Misura #83
	Istante t: 109
	Coord velocità: (0.574339, 0.573892, 0.167435, 0.559239, )
	Energia cinetica: 37.0729
	Massa: 74.1458
Misura #84
	Istante t: 110
	Coord velocità: (0.21931, 0.201106, 0.647197, 0.701852, )
	Energia cinetica: 34.0409
	Massa: 68.0818
Misura #85
	Istante t: 111
	Coord velocità: (0.588144, 0.541384, 0.481145, 0.359846, )
	Energia cinetica: 44.8159
	Massa: 89.6319
Misura #86
	Istante t: 113
	Coord velocità: (0.0757072, 0.747178, 0.0680853, 0.656778, )
	Energia cinetica: 30.8492
	Massa: 61.6984
Misura #87
	Istante t: 116
	Coord velocità: (0.33604, 0.413955, 0.557482, 0.636343, )
	Energia cinetica: 39.8507
	Massa: 79.7014
Misura #88
	Istante t: 118
	Coord velocità: (0.572012, 0.338987, 0.135057, 0.734609, )
	Energia cinetica: 28.1489
	Massa: 56.2977
Misura #89
	Istante t: 120
	Coord velocità: (0.610459, 0.360126, 0.657999, 0.254334, )
	Energia cinetica: 35.1254
	Massa: 70.2507
Misura #90
	Istante t: 122
	Coord velocità: (0.269378, 0.246943, 0.734332, 0.572023, )
	Energia cinetica: 40.3707
	Massa: 80.7413
Misura #91
	Istante t: 123
	Coord velocità: (0.297429, 0.584404, 0.0967278, 0.748767, )
	Energia cinetica: 38.2934
	Massa: 76.5867
Misura #92
	Istante t: 124
	Coord velocità: (0.207104, 0.444133, 0.80888, 0.324911, )
	Energia cinetica: 33.5739
	Massa: 67.1478
Misura #93
	Istante t: 125
	Coord velocità: (0.270495, 0.568826, 0.281583, 0.723865, )
	Energia cinetica: 33.2116
	Massa: 66.4233
Misura #94
	Istante t: 126
	Coord velocità: (0.568966, 0.030323, 0.689932, 0.446489, )
	Energia cinetica: 40.7666
	Massa: 81.5331
Misura #95
	Istante t: 129
	Coord velocità: (0.341483, 0.0983153, 0.870909, 0.339472, )
	Energia cinetica: 31.627
	Massa: 63.254
Misura #96
	Istante t: 130
	Coord velocità: (0.188411, 0.632902, 0.531203, 0.530811, )
	Energia cinetica: 33.2361
	Massa: 66.4722
Misura #97
	Istante t: 132
	Coord velocità: (0.272594, 0.373935, 0.882675, 0.0821576, )
	Energia cinetica: 34.8996
	Massa: 69.7992
Misura #98
	Istante t: 133
	Coord velocità: (0.855343, 0.0389678, 0.504483, 0.111207, )
	Energia cinetica: 36.2762
	Massa: 72.5525
Misura #99
	Istante t: 134
	Coord velocità: (0.460597, 0.234054, 0.637484, 0.571562, )
	Energia cinetica: 38.3606
	Massa: 76.7211
Misura #100
	Istante t: 135
	Coord velocità: (0.0708647, 0.722814, 0.657975, 0.198962, )
	Energia cinetica: 43.4471
	Massa: 86.8942
Misura #101
	Istante t: 136
	Coord velocità: (0.507052, 0.201222, 0.425584, 0.722002, )
	Energia cinetica: 34.3284
	Massa: 68.6569
Misura #102
	Istante t: 137
	Coord velocità: (0.180134, 0.414469, 0.772461, 0.446174, )
	Energia cinetica: 39.6477
	Massa: 79.2953
Misura #103
	Istante t: 139
	Coord velocità: (0.63001, 0.285822, 0.503137, 0.517926, )
	Energia cinetica: 34.2014
	Massa: 68.4029
Misura #104
	Istante t: 140
	Coord velocità: (0.42304, 0.65769, 0.622656, 0.0279361, )
	Energia cinetica: 39.0966
	Massa: 78.1931
Misura #105
	Istante t: 141
	Coord velocità: (0.759045, 0.555063, 0.340214, 0.00328952, )
	Energia cinetica: 44.5099
	Massa: 89.0198
Misura #106
	Istante t: 142
	Coord velocità: (0.193234, 0.763311, 0.586939, 0.188466, )
	Energia cinetica: 39.5991
	Massa: 79.1983
Misura #107
	Istante t: 144
	Coord velocità: (0.544306, 0.286974, 0.614463, 0.493773, )
	Energia cinetica: 31.9669
	Massa: 63.9338
Misura #108
	Istante t: 145
	Coord velocità: (0.145697, 0.129077, 0.693016, 0.694147, )
	Energia cinetica: 43.916
	Massa: 87.832
Misura #109
	Istante t: 146
	Coord velocità: (0.200813, 0.647059, 0.239457, 0.695448, )
	Energia cinetica: 35.9187
	Massa: 71.8375
Misura #110
	Istante t: 150
	Coord velocità: (0.238586, 0.71353, 0.283387, 0.59468, )
	Energia cinetica: 29.0546
	Massa: 58.1091
Misura #111
	Istante t: 152
	Coord velocità: (0.535748, 0.363985, 0.728037, 0.224615, )
	Energia cinetica: 43.1275
	Massa: 86.255
Misura #112
	Istante t: 153
	Coord velocità: (0.595706, 0.604003, 0.223615, 0.479907, )
	Energia cinetica: 27.2923
	Massa: 54.5845
Misura #113
	Istante t: 154
	Coord velocità: (0.775355, 0.255617, 0.429747, 0.38575, )
	Energia cinetica: 33.2895
	Massa: 66.579
Misura #114
	Istante t: 155
	Coord velocità: (0.0447433, 0.515484, 0.0642208, 0.853317, )
	Energia cinetica: 34.5028
	Massa: 69.0057
Misura #115
	Istante t: 156
	Coord velocità: (0.00428323, 0.800768, 0.547919, 0.241945, )
	Energia cinetica: 41.5544
	Massa: 83.1088
Misura #116
	Istante t: 157
	Coord velocità: (0.0295725, 0.0725715, 0.67061, 0.737659, )
	Energia cinetica: 41.6525
	Massa: 83.305
Misura #117
	Istante t: 158
	Coord velocità: (0.624913, 0.0267088, 0.377947, 0.682588, )
	Energia cinetica: 38.6942
	Massa: 77.3884
Misura #118
	Istante t: 159
	Coord velocità: (0.22806, 0.611596, 0.593578, 0.470748, )
	Energia cinetica: 35.353
	Massa: 70.706
Misura #119
	Istante t: 160
	Coord velocità: (0.740379, 0.438073, 0.350196, 0.370531, )
	Energia cinetica: 37.4087
	Massa: 74.8174
Misura #120
	Istante t: 161
	Coord velocità: (0.891643, 0.302137, 0.187839, 0.280006, )
	Energia cinetica: 36.5034
	Massa: 73.0069
Misura #121
	Istante t: 162
	Coord velocità: (0.556115, 0.573207, 0.228198, 0.556863, )
	Energia cinetica: 36.6753
	Massa: 73.3506
Misura #122
	Istante t: 164
	Coord velocità: (0.409907, 0.33877, 0.728927, 0.431133, )
	Energia cinetica: 36.3794
	Massa: 72.7589
Misura #123
	Istante t: 166
	Coord velocità: (0.684136, 0.528858, 0.362949, 0.347183, )
	Energia cinetica: 33.7256
	Massa: 67.4513
Misura #124
	Istante t: 167
	Coord velocità: (0.214495, 0.579761, 0.693599, 0.369852, )
	Energia cinetica: 39.4289
	Massa: 78.8578
Misura #125
	Istante t: 168
	Coord velocità: (0.636664, 0.458662, 0.599198, 0.158902, )
	Energia cinetica: 34.2372
	Massa: 68.4744
Misura #126
	Istante t: 170
	Coord velocità: (0.607604, 0.568068, 0.499388, 0.242337, )
	Energia cinetica: 33.9628
	Massa: 67.9256
Misura #127
	Istante t: 171
	Coord velocità: (0.196658, 0.504164, 0.0956177, 0.835465, )
	Energia cinetica: 29.0537
	Massa: 58.1074
Misura #128
	Istante t: 173
	Coord velocità: (0.0103535, 0.145794, 0.761267, 0.631751, )
	Energia cinetica: 43.3509
	Massa: 86.7019
Misura #129
	Istante t: 175
	Coord velocità: (0.649255, 0.0170649, 0.594352, 0.47426, )
	Energia cinetica: 38.7349
	Massa: 77.4699
Misura #130
	Istante t: 176
	Coord velocità: (0.188747, 0.440169, 0.631445, 0.609839, )
	Energia cinetica: 33.8252
	Massa: 67.6503
Misura #131
	Istante t: 179
	Coord velocità: (0.0129676, 0.495954, 0.283165, 0.82078, )
	Energia cinetica: 35.3803
	Massa: 70.7607
Misura #132
	Istante t: 181
	Coord velocità: (0.0740184, 0.0822533, 0.551742, 0.826642, )
	Energia cinetica: 35.572
	Massa: 71.1439
Misura #133
	Istante t: 182
	Coord velocità: (0.604267, 0.44051, 0.562018, 0.353479, )
	Energia cinetica: 39.1148
	Massa: 78.2296
Misura #134
	Istante t: 184
	Coord velocità: (0.822789, 0.169587, 0.085165, 0.535729, )
	Energia cinetica: 32.4832
	Massa: 64.9665
Misura #135
	Istante t: 187
	Coord velocità: (0.0620803, 0.664584, 0.495751, 0.555613, )
	Energia cinetica: 43.3356
	Massa: 86.6713
Misura #136
	Istante t: 188
	Coord velocità: (0.688077, 0.582765, 0.264891, 0.341713, )
	Energia cinetica: 29.1637
	Massa: 58.3273
Misura #137
	Istante t: 189
	Coord velocità: (0.406225, 0.774954, 0.477362, 0.0809536, )
	Energia cinetica: 35.0597
	Massa: 70.1194
Misura #138
	Istante t: 190
	Coord velocità: (0.297641, 0.553066, 0.336238, 0.701763, )
	Energia cinetica: 37.4668
	Massa: 74.9336
Misura #139
	Istante t: 191
	Coord velocità: (0.944697, 0.235019, 0.221916, 0.0553772, )
	Energia cinetica: 35.8249
	Massa: 71.6498
Misura #140
	Istante t: 194
	Coord velocità: (0.375021, 0.882605, 0.240136, 0.150674, )
	Energia cinetica: 37.6981
	Massa: 75.3962
Misura #141
	Istante t: 196
	Coord velocità: (0.512219, 0.160326, 0.657522, 0.528764, )
	Energia cinetica: 37.7324
	Massa: 75.4648
Misura #142
	Istante t: 198
	Coord velocità: (0.522273, 0.592116, 0.474451, 0.389264, )
	Energia cinetica: 34.5763
	Massa: 69.1526
Misura #143
	Istante t: 199
	Coord velocità: (0.481929, 0.0322812, 0.688529, 0.540954, )
	Energia cinetica: 35.7101
	Massa: 71.4203
Misura #144
	Istante t: 200
	Coord velocità: (0.416684, 0.670209, 0.613654, 0.0249759, )
	Energia cinetica: 33.8832
	Massa: 67.7665
Misura #145
	Istante t: 204
	Coord velocità: (0.149184, 0.324646, 0.69007, 0.629406, )
	Energia cinetica: 36.8776
	Massa: 73.7553
Misura #146
	Istante t: 206
	Coord velocità: (0.181548, 0.488482, 0.821913, 0.229966, )
	Energia cinetica: 32.7094
	Massa: 65.4189
Misura #147
	Istante t: 208
	Coord velocità: (0.752336, 0.609116, 0.220163, 0.120405, )
	Energia cinetica: 36.8332
	Massa: 73.6664
Misura #148
	Istante t: 209
	Coord velocità: (0.210702, 0.448584, 0.675081, 0.546483, )
	Energia cinetica: 39.1031
	Massa: 78.2062
Misura #149
	Istante t: 210
	Coord velocità: (0.0488684, 0.108756, 0.151902, 0.981178, )
	Energia cinetica: 41.6972
	Massa: 83.3944
Misura #150
	Istante t: 212
	Coord velocità: (0.637584, 0.328731, 0.573222, 0.39603, )
	Energia cinetica: 27.6391
	Massa: 55.2781
Misura #151
	Istante t: 213
	Coord velocità: (0.603288, 0.299551, 0.299788, 0.675603, )
	Energia cinetica: 33.0303
	Massa: 66.0607
Misura #152
	Istante t: 214
	Coord velocità: (0.714663, 0.287775, 0.200821, 0.605072, )
	Energia cinetica: 36.0168
	Massa: 72.0337
Misura #153
	Istante t: 215
	Coord velocità: (0.602846, 0.157539, 0.450609, 0.639304, )
	Energia cinetica: 37.8446
	Massa: 75.6891
Misura #154
	Istante t: 216
	Coord velocità: (0.71442, 0.500522, 0.47944, 0.0960143, )
	Energia cinetica: 44.6779
	Massa: 89.3558
Misura #155
	Istante t: 217
	Coord velocità: (0.757542, 0.176532, 0.31752, 0.542354, )
	Energia cinetica: 34.9662
	Massa: 69.9324
Misura #156
	Istante t: 218
	Coord velocità: (0.0291433, 0.0554535, 0.772157, 0.632336, )
	Energia cinetica: 27.5179
	Massa: 55.0357
Misura #157
	Istante t: 219
	Coord velocità: (0.563737, 0.758965, 0.140129, 0.294172, )
	Energia cinetica: 41.7598
	Massa: 83.5196
Misura #158
	Istante t: 220
	Coord velocità: (0.0256909, 0.667485, 0.637057, 0.384659, )
	Energia cinetica: 31.5982
	Massa: 63.1963
Misura #159
	Istante t: 221
	Coord velocità: (0.776721, 0.23965, 0.062911, 0.579064, )
	Energia cinetica: 42.9072
	Massa: 85.8143
Misura #160
	Istante t: 222
	Coord velocità: (0.308959, 0.167159, 0.349502, 0.868591, )
	Energia cinetica: 31.9715
	Massa: 63.943
Misura #161
	Istante t: 223
	Coord velocità: (0.382312, 0.337435, 0.458081, 0.728105, )
	Energia cinetica: 45.805
	Massa: 91.61
Misura #162
	Istante t: 224
	Coord velocità: (0.597648, 0.043646, 0.649774, 0.46766, )
	Energia cinetica: 42.8885
	Massa: 85.7769
Misura #163
	Istante t: 225
	Coord velocità: (0.433496, 0.315242, 0.81616, 0.215842, )
	Energia cinetica: 36.009
	Massa: 72.018
Misura #164
	Istante t: 226
	Coord velocità: (0.141401, 0.537763, 0.679741, 0.478298, )
	Energia cinetica: 28.0085
	Massa: 56.0171
Misura #165
	Istante t: 228
	Coord velocità: (0.529283, 0.552147, 0.384034, 0.517215, )
	Energia cinetica: 43.1592
	Massa: 86.3184
Misura #166
	Istante t: 229
	Coord velocità: (0.658834, 0.62415, 0.418928, 0.0295714, )
	Energia cinetica: 37.2882
	Massa: 74.5764
Misura #167
	Istante t: 230
	Coord velocità: (0.86927, 0.0408908, 0.168628, 0.462885, )
	Energia cinetica: 29.2676
	Massa: 58.5352
Misura #168
	Istante t: 232
	Coord velocità: (0.34354, 0.737114, 0.470181, 0.342888, )
	Energia cinetica: 37.4124
	Massa: 74.8249
Misura #169
	Istante t: 233
	Coord velocità: (0.254757, 0.851457, 0.175368, 0.423517, )
	Energia cinetica: 40.1913
	Massa: 80.3826
Misura #170
	Istante t: 234
	Coord velocità: (0.501598, 0.598235, 0.282398, 0.557464, )
	Energia cinetica: 42.3913
	Massa: 84.7827
Misura #171
	Istante t: 235
	Coord velocità: (0.392127, 0.333166, 0.854169, 0.075045, )
	Energia cinetica: 31.0487
	Massa: 62.0973
Misura #172
	Istante t: 236
	Coord velocità: (0.580465, 0.712694, 0.308674, 0.244639, )
	Energia cinetica: 37.5949
	Massa: 75.1898
Misura #173
	Istante t: 237
	Coord velocità: (0.125929, 0.50813, 0.723149, 0.450556, )
	Energia cinetica: 41.2377
	Massa: 82.4753
Misura #174
	Istante t: 238
	Coord velocità: (0.972482, 0.157209, 0.146911, 0.089343, )
	Energia cinetica: 37.973
	Massa: 75.946
Misura #175
	Istante t: 239
	Coord velocità: (0.581284, 0.261436, 0.54547, 0.544263, )
	Energia cinetica: 42.7645
	Massa: 85.5291
Misura #176
	Istante t: 240
	Coord velocità: (0.62102, 0.476347, 0.622436, 0.000843289, )
	Energia cinetica: 40.9016
	Massa: 81.8032
Misura #177
	Istante t: 241
	Coord velocità: (0.261697, 0.065485, 0.13776, 0.953021, )
	Energia cinetica: 30.3524
	Massa: 60.7048
Misura #178
	Istante t: 245
	Coord velocità: (0.0169197, 0.601811, 0.700297, 0.383564, )
	Energia cinetica: 34.4682
	Massa: 68.9364
Misura #179
	Istante t: 246
	Coord velocità: (0.164802, 0.330106, 0.705471, 0.605128, )
	Energia cinetica: 37.2488
	Massa: 74.4977
Misura #180
	Istante t: 247
	Coord velocità: (0.578292, 0.406565, 0.689292, 0.158615, )
	Energia cinetica: 37.8095
	Massa: 75.619
Misura #181
	Istante t: 248
	Coord velocità: (0.790185, 0.528913, 0.212514, 0.225158, )
	Energia cinetica: 23.8898
	Massa: 47.7796
Misura #182
	Istante t: 250
	Coord velocità: (0.606947, 0.565058, 0.204778, 0.51999, )
	Energia cinetica: 25.7502
	Massa: 51.5005
Misura #183
	Istante t: 252
	Coord velocità: (0.582011, 0.812975, 0.000885553, 0.0182567, )
	Energia cinetica: 37.2827
	Massa: 74.5653
Misura #184
	Istante t: 253
	Coord velocità: (0.223408, 0.778537, 0.193851, 0.553526, )
	Energia cinetica: 33.7829
	Massa: 67.5658
Misura #185
	Istante t: 254
	Coord velocità: (0.0255322, 0.689874, 0.723421, 0.00921197, )
	Energia cinetica: 39.0587
	Massa: 78.1174
Misura #186
	Istante t: 255
	Coord velocità: (0.41616, 0.0573848, 0.178392, 0.889772, )
	Energia cinetica: 46.9746
	Massa: 93.9491
Misura #187
	Istante t: 258
	Coord velocità: (0.339319, 0.495337, 0.770648, 0.213555, )
	Energia cinetica: 38.1556
	Massa: 76.3111
Misura #188
	Istante t: 259
	Coord velocità: (0.447357, 0.600065, 0.503245, 0.431901, )
	Energia cinetica: 40.6828
	Massa: 81.3656
Misura #189
	Istante t: 260
	Coord velocità: (0.628297, 0.250046, 0.635512, 0.37262, )
	Energia cinetica: 36.9758
	Massa: 73.9517
Misura #190
	Istante t: 261
	Coord velocità: (0.670734, 0.508427, 0.0232246, 0.539517, )
	Energia cinetica: 39.2725
	Massa: 78.5449
Misura #191
	Istante t: 263
	Coord velocità: (0.216096, 0.655241, 0.132732, 0.711578, )
	Energia cinetica: 37.9754
	Massa: 75.9507
Misura #192
	Istante t: 264
	Coord velocità: (0.560249, 0.317224, 0.581171, 0.497725, )
	Energia cinetica: 37.7575
	Massa: 75.515
Misura #193
	Istante t: 266
	Coord velocità: (0.627867, 0.465044, 0.603439, 0.159308, )
	Energia cinetica: 31.1166
	Massa: 62.2332
Misura #194
	Istante t: 268
	Coord velocità: (0.52067, 0.822846, 0.221364, 0.0531507, )
	Energia cinetica: 43.1786
	Massa: 86.3571
Misura #195
	Istante t: 269
	Coord velocità: (0.0659428, 0.350912, 0.722912, 0.591532, )
	Energia cinetica: 35.9389
	Massa: 71.8777
Misura #196
	Istante t: 270
	Coord velocità: (0.391, 0.559732, 0.359039, 0.636326, )
	Energia cinetica: 46.6001
	Massa: 93.2001
Misura #197
	Istante t: 271
	Coord velocità: (0.748341, 0.550039, 0.265346, 0.258909, )
	Energia cinetica: 43.4706
	Massa: 86.9412
Misura #198
	Istante t: 274
	Coord velocità: (0.0998747, 0.0287993, 0.69281, 0.71359, )
	Energia cinetica: 38.8426
	Massa: 77.6853
Misura #199
	Istante t: 275
	Coord velocità: (0.0262308, 0.687545, 0.312928, 0.654729, )
	Energia cinetica: 42.0331
	Massa: 84.0661
Misura #200
	Istante t: 276
	Coord velocità: (0.809236, 0.488769, 0.22063, 0.239924, )
	Energia cinetica: 37.0969
	Massa: 74.1939
Misura #201
	Istante t: 278
	Coord velocità: (0.327324, 0.326909, 0.662693, 0.588921, )
	Energia cinetica: 38.1441
	Massa: 76.2883
Misura #202
	Istante t: 279
	Coord velocità: (0.562818, 0.665034, 0.475296, 0.122714, )
	Energia cinetica: 36.1248
	Massa: 72.2496
Misura #203
	Istante t: 280
	Coord velocità: (0.203116, 0.699864, 0.683461, 0.0426077, )
	Energia cinetica: 37.1393
	Massa: 74.2785
Misura #204
	Istante t: 281
	Coord velocità: (0.236574, 0.489511, 0.371542, 0.752574, )
	Energia cinetica: 39.9817
	Massa: 79.9633
Misura #205
	Istante t: 282
	Coord velocità: (0.597846, 0.234616, 0.232504, 0.730395, )
	Energia cinetica: 33.5873
	Massa: 67.1746
Misura #206
	Istante t: 283
	Coord velocità: (0.625133, 0.547416, 0.148281, 0.536244, )
	Energia cinetica: 28.6543
	Massa: 57.3086
Misura #207
	Istante t: 284
	Coord velocità: (0.209845, 0.311431, 0.568711, 0.731808, )
	Energia cinetica: 34.3453
	Massa: 68.6906
Misura #208
	Istante t: 286
	Coord velocità: (0.62604, 0.77415, 0.0493568, 0.0795639, )
	Energia cinetica: 37.4108
	Massa: 74.8216
Misura #209
	Istante t: 289
	Coord velocità: (0.337752, 0.649365, 0.582789, 0.352995, )
	Energia cinetica: 35.572
	Massa: 71.1439
Misura #210
	Istante t: 291
	Coord velocità: (0.659172, 0.0887537, 0.106777, 0.739063, )
	Energia cinetica: 47.9281
	Massa: 95.8562
Misura #211
	Istante t: 293
	Coord velocità: (0.080257, 0.734619, 0.542782, 0.3991, )
	Energia cinetica: 39.3621
	Massa: 78.7242
Misura #212
	Istante t: 295
	Coord velocità: (0.667346, 0.680682, 0.281527, 0.109838, )
	Energia cinetica: 39.5527
	Massa: 79.1054
Misura #213
	Istante t: 296
	Coord velocità: (0.444593, 0.135867, 0.376316, 0.801413, )
	Energia cinetica: 32.8811
	Massa: 65.7623
Misura #214
	Istante t: 297
	Coord velocità: (0.806178, 0.0858994, 0.391821, 0.434941, )
	Energia cinetica: 44.2475
	Massa: 88.495
Misura #215
	Istante t: 299
	Coord velocità: (0.0932935, 0.620208, 0.388527, 0.675045, )
	Energia cinetica: 32.05
	Massa: 64.1
Misura #216
	Istante t: 301
	Coord velocità: (0.661887, 0.370733, 0.538897, 0.366132, )
	Energia cinetica: 28.5991
	Massa: 57.1982
Misura #217
	Istante t: 303
	Coord velocità: (0.47881, 0.443784, 0.517054, 0.553581, )
	Energia cinetica: 35.9341
	Massa: 71.8682
Misura #218
	Istante t: 305
	Coord velocità: (0.870801, 0.27096, 0.175742, 0.370677, )
	Energia cinetica: 34.441
	Massa: 68.882
Misura #219
	Istante t: 306
	Coord velocità: (0.889606, 0.454631, 0.0143884, 0.0413025, )
	Energia cinetica: 36.2253
	Massa: 72.4506
Misura #220
	Istante t: 307
	Coord velocità: (0.502636, 0.584011, 0.262325, 0.580925, )
	Energia cinetica: 36.9275
	Massa: 73.855
Misura #221
	Istante t: 308
	Coord velocità: (0.10341, 0.409231, 0.776896, 0.467192, )
	Energia cinetica: 35.0246
	Massa: 70.0493
Misura #222
	Istante t: 310
	Coord velocità: (0.36348, 0.688285, 0.618843, 0.105734, )
	Energia cinetica: 38.4229
	Massa: 76.8457
Misura #223
	Istante t: 311
	Coord velocità: (0.137866, 0.671005, 0.258412, 0.681152, )
	Energia cinetica: 32.7587
	Massa: 65.5175
Misura #224
	Istante t: 312
	Coord velocità: (0.519193, 0.338532, 0.557146, 0.552651, )
	Energia cinetica: 42.8787
	Massa: 85.7575
Misura #225
	Istante t: 316
	Coord velocità: (0.41071, 0.389326, 0.724682, 0.393165, )
	Energia cinetica: 32.3389
	Massa: 64.6778
Misura #226
	Istante t: 318
	Coord velocità: (0.494445, 0.698516, 0.483045, 0.185117, )
	Energia cinetica: 36
	Massa: 72.0001
Misura #227
	Istante t: 319
	Coord velocità: (0.69113, 0.576676, 0.363868, 0.239553, )
	Energia cinetica: 33.9475
	Massa: 67.895
Misura #228
	Istante t: 320
	Coord velocità: (0.0221325, 0.522081, 0.274997, 0.807043, )
	Energia cinetica: 34.4608
	Massa: 68.9216
Misura #229
	Istante t: 321
	Coord velocità: (0.469286, 0.0020562, 0.71547, 0.517561, )
	Energia cinetica: 41.5138
	Massa: 83.0275
Misura #230
	Istante t: 322
	Coord velocità: (0.510393, 0.405609, 0.637277, 0.410923, )
	Energia cinetica: 33.4029
	Massa: 66.8058
Misura #231
	Istante t: 324
	Coord velocità: (0.421509, 0.693871, 0.411039, 0.414632, )
	Energia cinetica: 43.285
	Massa: 86.57
Misura #232
	Istante t: 325
	Coord velocità: (0.490179, 0.705042, 0.341429, 0.382186, )
	Energia cinetica: 34.9577
	Massa: 69.9155
Misura #233
	Istante t: 328
	Coord velocità: (0.5657, 0.767537, 0.0946376, 0.286207, )
	Energia cinetica: 26.1001
	Massa: 52.2002
Misura #234
	Istante t: 331
	Coord velocità: (0.247216, 0.705264, 0.553403, 0.36774, )
	Energia cinetica: 38.5645
	Massa: 77.1289
Misura #235
	Istante t: 332
	Coord velocità: (0.827291, 0.0977736, 0.538076, 0.128467, )
	Energia cinetica: 39.5962
	Massa: 79.1923
Misura #236
	Istante t: 333
	Coord velocità: (0.7992, 0.442204, 0.375347, 0.15764, )
	Energia cinetica: 43.4756
	Massa: 86.9513
Misura #237
	Istante t: 334
	Coord velocità: (0.523995, 0.415354, 0.220088, 0.710262, )
	Energia cinetica: 32.197
	Massa: 64.3939
Misura #238
	Istante t: 335
	Coord velocità: (0.635522, 0.596016, 0.162565, 0.463087, )
	Energia cinetica: 30.263
	Massa: 60.526
Misura #239
	Istante t: 336
	Coord velocità: (0.439501, 0.192729, 0.779575, 0.40244, )
	Energia cinetica: 27.4146
	Massa: 54.8293
Misura #240
	Istante t: 337
	Coord velocità: (0.698988, 0.0527263, 0.0140493, 0.713049, )
	Energia cinetica: 33.7412
	Massa: 67.4825
Misura #241
	Istante t: 338
	Coord velocità: (0.426736, 0.189256, 0.87675, 0.115704, )
	Energia cinetica: 31.7728
	Massa: 63.5457
Misura #242
	Istante t: 339
	Coord velocità: (0.67942, 0.227167, 0.303926, 0.628022, )
	Energia cinetica: 32.7999
	Massa: 65.5997
Misura #243
	Istante t: 341
	Coord velocità: (0.117445, 0.703633, 0.647714, 0.267535, )
	Energia cinetica: 32.7921
	Massa: 65.5841


Media delle masse: 72.5091
Deviazione standard: 9.56674e-08
Coordinate misura #5: (3.82536, 15.5672, 2.20096, 0.0461531)
Coordinate misura #9: (2.04118, 55.902, 6.35908, 1.53857)
Coordinate misura #14: (7.33073, 120.007, 10.2867, 1.45711)
