Pacchetto corrotto #1: 
	Timestamp: 403
	Data: B

Pacchetto corrotto #2: 
	Timestamp: 352
	Data: Y

Pacchetto corrotto #3: 
	Timestamp: 651
	Data: j

Pacchetto corrotto #4: 
	Timestamp: 402
	Data: H

Pacchetto corrotto #5: 
	Timestamp: 982
	Data: L

Pacchetto corrotto #6: 
	Timestamp: 532
	Data: C

Pacchetto corrotto #7: 
	Timestamp: 655
	Data: w

Pacchetto corrotto #8: 
	Timestamp: 579
	Data: P

Pacchetto corrotto #9: 
	Timestamp: 759
	Data: Q

Pacchetto corrotto #10: 
	Timestamp: 732
	Data: a

Pacchetto corrotto #11: 
	Timestamp: 396
	Data: r

Pacchetto corrotto #12: 
	Timestamp: 86
	Data: n

Pacchetto corrotto #13: 
	Timestamp: 771
	Data: w

Pacchetto corrotto #14: 
	Timestamp: 439
	Data: n

Pacchetto corrotto #15: 
	Timestamp: 913
	Data: O

Pacchetto corrotto #16: 
	Timestamp: 547
	Data: Q

Pacchetto corrotto #17: 
	Timestamp: 98
	Data: P

Pacchetto corrotto #18: 
	Timestamp: 616
	Data: U

Pacchetto corrotto #19: 
	Timestamp: 183
	Data: i

Pacchetto corrotto #20: 
	Timestamp: 906
	Data: f

Pacchetto corrotto #21: 
	Timestamp: 568
	Data: c

Pacchetto corrotto #22: 
	Timestamp: 248
	Data: b

Pacchetto corrotto #23: 
	Timestamp: 916
	Data: u

Pacchetto corrotto #24: 
	Timestamp: 132
	Data: b

Pacchetto corrotto #25: 
	Timestamp: 385
	Data: b

Pacchetto corrotto #26: 
	Timestamp: 384
	Data: e

Pacchetto corrotto #27: 
	Timestamp: 990
	Data: k

Pacchetto corrotto #28: 
	Timestamp: 576
	Data: R

Pacchetto corrotto #29: 
	Timestamp: 877
	Data: x

Pacchetto corrotto #30: 
	Timestamp: 409
	Data: n

Pacchetto corrotto #31: 
	Timestamp: 320
	Data: x

Pacchetto corrotto #32: 
	Timestamp: 970
	Data: S

Pacchetto corrotto #33: 
	Timestamp: 974
	Data: O

Pacchetto corrotto #34: 
	Timestamp: 244
	Data: i

Pacchetto corrotto #35: 
	Timestamp: 681
	Data: g

Pacchetto corrotto #36: 
	Timestamp: 588
	Data: G

Pacchetto corrotto #37: 
	Timestamp: 375
	Data: D

Pacchetto corrotto #38: 
	Timestamp: 683
	Data: H

Pacchetto corrotto #39: 
	Timestamp: 694
	Data: Q

Pacchetto corrotto #40: 
	Timestamp: 761
	Data: b

Pacchetto corrotto #41: 
	Timestamp: 734
	Data: u

Pacchetto corrotto #42: 
	Timestamp: 530
	Data: w

Pacchetto corrotto #43: 
	Timestamp: 467
	Data: Q

Pacchetto corrotto #44: 
	Timestamp: 251
	Data: C

Pacchetto corrotto #45: 
	Timestamp: 70
	Data: t

Pacchetto corrotto #46: 
	Timestamp: 566
	Data: b

Pacchetto corrotto #47: 
	Timestamp: 509
	Data: J

Pacchetto corrotto #48: 
	Timestamp: 419
	Data: j

Pacchetto corrotto #49: 
	Timestamp: 304
	Data: I

Pacchetto corrotto #50: 
	Timestamp: 264
	Data: Y

Pacchetto corrotto #51: 
	Timestamp: 991
	Data: m

Pacchetto corrotto #52: 
	Timestamp: 422
	Data: A

Pacchetto corrotto #53: 
	Timestamp: 388
	Data: B

Pacchetto corrotto #54: 
	Timestamp: 226
	Data: j

Pacchetto corrotto #55: 
	Timestamp: 793
	Data: U

Pacchetto corrotto #56: 
	Timestamp: 41
	Data: d

Pacchetto corrotto #57: 
	Timestamp: 104
	Data: A

Pacchetto corrotto #58: 
	Timestamp: 493
	Data: t

Pacchetto corrotto #59: 
	Timestamp: 775
	Data: l

Pacchetto corrotto #60: 
	Timestamp: 455
	Data: i

Pacchetto corrotto #61: 
	Timestamp: 281
	Data: N

Pacchetto corrotto #62: 
	Timestamp: 791
	Data: K

Pacchetto corrotto #63: 
	Timestamp: 985
	Data: D

Pacchetto corrotto #64: 
	Timestamp: 809
	Data: G

Pacchetto corrotto #65: 
	Timestamp: 44
	Data: D

Pacchetto corrotto #66: 
	Timestamp: 664
	Data: m

Pacchetto corrotto #67: 
	Timestamp: 728
	Data: m

Pacchetto corrotto #68: 
	Timestamp: 883
	Data: G

Pacchetto corrotto #69: 
	Timestamp: 975
	Data: g

Pacchetto corrotto #70: 
	Timestamp: 418
	Data: A

Pacchetto corrotto #71: 
	Timestamp: 757
	Data: Y

Pacchetto corrotto #72: 
	Timestamp: 755
	Data: k

Pacchetto corrotto #73: 
	Timestamp: 571
	Data: D

Pacchetto corrotto #74: 
	Timestamp: 851
	Data: d

Pacchetto corrotto #75: 
	Timestamp: 743
	Data: C

Pacchetto corrotto #76: 
	Timestamp: 232
	Data: A

Pacchetto corrotto #77: 
	Timestamp: 933
	Data: i

Pacchetto corrotto #78: 
	Timestamp: 812
	Data: j

Pacchetto corrotto #79: 
	Timestamp: 156
	Data: X

Pacchetto corrotto #80: 
	Timestamp: 179
	Data: k

Pacchetto corrotto #81: 
	Timestamp: 592
	Data: Q

Pacchetto corrotto #82: 
	Timestamp: 39
	Data: L

Pacchetto corrotto #83: 
	Timestamp: 865
	Data: U

Pacchetto corrotto #84: 
	Timestamp: 162
	Data: E

Pacchetto corrotto #85: 
	Timestamp: 549
	Data: H

Pacchetto corrotto #86: 
	Timestamp: 647
	Data: g

Pacchetto corrotto #87: 
	Timestamp: 735
	Data: t

Pacchetto corrotto #88: 
	Timestamp: 671
	Data: u

Pacchetto corrotto #89: 
	Timestamp: 748
	Data: S

Pacchetto corrotto #90: 
	Timestamp: 218
	Data: X

Pacchetto corrotto #91: 
	Timestamp: 137
	Data: O

Pacchetto corrotto #92: 
	Timestamp: 242
	Data: s

Pacchetto corrotto #93: 
	Timestamp: 182
	Data: c

Pacchetto corrotto #94: 
	Timestamp: 881
	Data: M

Pacchetto corrotto #95: 
	Timestamp: 406
	Data: K

Pacchetto corrotto #96: 
	Timestamp: 291
	Data: r

Pacchetto corrotto #97: 
	Timestamp: 27
	Data: q

Pacchetto corrotto #98: 
	Timestamp: 302
	Data: a

Pacchetto corrotto #99: 
	Timestamp: 634
	Data: C

Pacchetto corrotto #100: 
	Timestamp: 487
	Data: M

Pacchetto corrotto #101: 
	Timestamp: 195
	Data: F

Pacchetto corrotto #102: 
	Timestamp: 864
	Data: i

Pacchetto corrotto #103: 
	Timestamp: 746
	Data: W

Pacchetto corrotto #104: 
	Timestamp: 770
	Data: X

Pacchetto corrotto #105: 
	Timestamp: 666
	Data: n

Pacchetto corrotto #106: 
	Timestamp: 325
	Data: u

Pacchetto corrotto #107: 
	Timestamp: 723
	Data: u

Pacchetto corrotto #108: 
	Timestamp: 854
	Data: o

Pacchetto corrotto #109: 
	Timestamp: 727
	Data: W

Pacchetto corrotto #110: 
	Timestamp: 478
	Data: Z

Pacchetto corrotto #111: 
	Timestamp: 398
	Data: q

Pacchetto corrotto #112: 
	Timestamp: 105
	Data: m

Pacchetto corrotto #113: 
	Timestamp: 107
	Data: M

Pacchetto corrotto #114: 
	Timestamp: 518
	Data: K

Pacchetto corrotto #115: 
	Timestamp: 1
	Data: r

Pacchetto corrotto #116: 
	Timestamp: 316
	Data: n

Pacchetto corrotto #117: 
	Timestamp: 224
	Data: y

Pacchetto corrotto #118: 
	Timestamp: 163
	Data: q

Pacchetto corrotto #119: 
	Timestamp: 738
	Data: v

Pacchetto corrotto #120: 
	Timestamp: 542
	Data: z

Pacchetto corrotto #121: 
	Timestamp: 188
	Data: n

Pacchetto corrotto #122: 
	Timestamp: 330
	Data: J

Pacchetto corrotto #123: 
	Timestamp: 829
	Data: t

Pacchetto corrotto #124: 
	Timestamp: 698
	Data: K

Pacchetto corrotto #125: 
	Timestamp: 480
	Data: s

Pacchetto corrotto #126: 
	Timestamp: 873
	Data: o

Pacchetto corrotto #127: 
	Timestamp: 275
	Data: S

Pacchetto corrotto #128: 
	Timestamp: 661
	Data: a

Pacchetto corrotto #129: 
	Timestamp: 687
	Data: m

Pacchetto corrotto #130: 
	Timestamp: 356
	Data: F

Pacchetto corrotto #131: 
	Timestamp: 317
	Data: M

Pacchetto corrotto #132: 
	Timestamp: 837
	Data: Z

Pacchetto corrotto #133: 
	Timestamp: 14
	Data: P

Pacchetto corrotto #134: 
	Timestamp: 444
	Data: b

Pacchetto corrotto #135: 
	Timestamp: 911
	Data: u

Pacchetto corrotto #136: 
	Timestamp: 794
	Data: n

Pacchetto corrotto #137: 
	Timestamp: 461
	Data: I

Pacchetto corrotto #138: 
	Timestamp: 517
	Data: r

Pacchetto corrotto #139: 
	Timestamp: 706
	Data: j

Pacchetto corrotto #140: 
	Timestamp: 289
	Data: J

Pacchetto corrotto #141: 
	Timestamp: 788
	Data: G

Pacchetto corrotto #142: 
	Timestamp: 48
	Data: W

Pacchetto corrotto #143: 
	Timestamp: 220
	Data: c

Pacchetto corrotto #144: 
	Timestamp: 428
	Data: p

Pacchetto corrotto #145: 
	Timestamp: 199
	Data: z

Pacchetto corrotto #146: 
	Timestamp: 635
	Data: m

Pacchetto corrotto #147: 
	Timestamp: 211
	Data: l

Pacchetto corrotto #148: 
	Timestamp: 191
	Data: i

Pacchetto corrotto #149: 
	Timestamp: 636
	Data: G

Pacchetto corrotto #150: 
	Timestamp: 944
	Data: v

Pacchetto corrotto #151: 
	Timestamp: 562
	Data: n

Pacchetto corrotto #152: 
	Timestamp: 885
	Data: c

Pacchetto corrotto #153: 
	Timestamp: 861
	Data: m

Pacchetto corrotto #154: 
	Timestamp: 725
	Data: P

Pacchetto corrotto #155: 
	Timestamp: 363
	Data: D

Pacchetto corrotto #156: 
	Timestamp: 931
	Data: u

Pacchetto corrotto #157: 
	Timestamp: 625
	Data: O

Pacchetto corrotto #158: 
	Timestamp: 630
	Data: O

Pacchetto corrotto #159: 
	Timestamp: 795
	Data: r

Pacchetto corrotto #160: 
	Timestamp: 747
	Data: A

Pacchetto corrotto #161: 
	Timestamp: 799
	Data: h

Pacchetto corrotto #162: 
	Timestamp: 125
	Data: h

Pacchetto corrotto #163: 
	Timestamp: 32
	Data: V

Pacchetto corrotto #164: 
	Timestamp: 612
	Data: H

Pacchetto corrotto #165: 
	Timestamp: 466
	Data: d

Pacchetto corrotto #166: 
	Timestamp: 90
	Data: g

Pacchetto corrotto #167: 
	Timestamp: 580
	Data: m

Pacchetto corrotto #168: 
	Timestamp: 603
	Data: d

Pacchetto corrotto #169: 
	Timestamp: 976
	Data: z

Pacchetto corrotto #170: 
	Timestamp: 446
	Data: T

Pacchetto corrotto #171: 
	Timestamp: 3
	Data: P

Pacchetto corrotto #172: 
	Timestamp: 440
	Data: d

Pacchetto corrotto #173: 
	Timestamp: 486
	Data: c

Pacchetto corrotto #174: 
	Timestamp: 157
	Data: O

Pacchetto corrotto #175: 
	Timestamp: 900
	Data: C

Pacchetto corrotto #176: 
	Timestamp: 221
	Data: w

Pacchetto corrotto #177: 
	Timestamp: 924
	Data: S

Pacchetto corrotto #178: 
	Timestamp: 200
	Data: J

Pacchetto corrotto #179: 
	Timestamp: 134
	Data: h

Pacchetto corrotto #180: 
	Timestamp: 47
	Data: n

Pacchetto corrotto #181: 
	Timestamp: 819
	Data: l

Pacchetto corrotto #182: 
	Timestamp: 194
	Data: D

Pacchetto corrotto #183: 
	Timestamp: 114
	Data: D

Pacchetto corrotto #184: 
	Timestamp: 925
	Data: F

Pacchetto corrotto #185: 
	Timestamp: 207
	Data: Q

Pacchetto corrotto #186: 
	Timestamp: 894
	Data: q

Pacchetto corrotto #187: 
	Timestamp: 145
	Data: R

Pacchetto corrotto #188: 
	Timestamp: 693
	Data: T

Pacchetto corrotto #189: 
	Timestamp: 525
	Data: v

Pacchetto corrotto #190: 
	Timestamp: 622
	Data: G

Pacchetto corrotto #191: 
	Timestamp: 0
	Data: T

Pacchetto corrotto #192: 
	Timestamp: 254
	Data: V

Pacchetto corrotto #193: 
	Timestamp: 774
	Data: a

Pacchetto corrotto #194: 
	Timestamp: 236
	Data: D

Pacchetto corrotto #195: 
	Timestamp: 349
	Data: B

Pacchetto corrotto #196: 
	Timestamp: 128
	Data: d

Pacchetto corrotto #197: 
	Timestamp: 599
	Data: U

Pacchetto corrotto #198: 
	Timestamp: 30
	Data: J

Pacchetto corrotto #199: 
	Timestamp: 654
	Data: U

Pacchetto corrotto #200: 
	Timestamp: 857
	Data: o

Pacchetto corrotto #201: 
	Timestamp: 956
	Data: c

Pacchetto corrotto #202: 
	Timestamp: 78
	Data: l

Pacchetto corrotto #203: 
	Timestamp: 501
	Data: S

Pacchetto corrotto #204: 
	Timestamp: 464
	Data: T

Pacchetto corrotto #205: 
	Timestamp: 386
	Data: R

Pacchetto corrotto #206: 
	Timestamp: 459
	Data: J

Pacchetto corrotto #207: 
	Timestamp: 336
	Data: Z

Pacchetto corrotto #208: 
	Timestamp: 918
	Data: P

Pacchetto corrotto #209: 
	Timestamp: 438
	Data: F

Pacchetto corrotto #210: 
	Timestamp: 690
	Data: y

Pacchetto corrotto #211: 
	Timestamp: 721
	Data: X

Pacchetto corrotto #212: 
	Timestamp: 366
	Data: r

Pacchetto corrotto #213: 
	Timestamp: 554
	Data: T

Pacchetto corrotto #214: 
	Timestamp: 889
	Data: R

Pacchetto corrotto #215: 
	Timestamp: 697
	Data: x

Pacchetto corrotto #216: 
	Timestamp: 539
	Data: f

Pacchetto corrotto #217: 
	Timestamp: 832
	Data: G

Pacchetto corrotto #218: 
	Timestamp: 929
	Data: V

Pacchetto corrotto #219: 
	Timestamp: 216
	Data: C

Pacchetto corrotto #220: 
	Timestamp: 736
	Data: A

Pacchetto corrotto #221: 
	Timestamp: 370
	Data: d

Pacchetto corrotto #222: 
	Timestamp: 430
	Data: t

Pacchetto corrotto #223: 
	Timestamp: 6
	Data: t

Pacchetto corrotto #224: 
	Timestamp: 565
	Data: c

Pacchetto corrotto #225: 
	Timestamp: 848
	Data: D

Pacchetto corrotto #226: 
	Timestamp: 448
	Data: G

Pacchetto corrotto #227: 
	Timestamp: 867
	Data: q

Pacchetto corrotto #228: 
	Timestamp: 762
	Data: Y

Pacchetto corrotto #229: 
	Timestamp: 161
	Data: N

Pacchetto corrotto #230: 
	Timestamp: 37
	Data: J

Pacchetto corrotto #231: 
	Timestamp: 249
	Data: i

Pacchetto corrotto #232: 
	Timestamp: 567
	Data: Q

Pacchetto corrotto #233: 
	Timestamp: 173
	Data: M

Pacchetto corrotto #234: 
	Timestamp: 457
	Data: L

Pacchetto corrotto #235: 
	Timestamp: 741
	Data: e

Pacchetto corrotto #236: 
	Timestamp: 531
	Data: T

Pacchetto corrotto #237: 
	Timestamp: 783
	Data: a

Pacchetto corrotto #238: 
	Timestamp: 471
	Data: m

Pacchetto corrotto #239: 
	Timestamp: 729
	Data: t

Pacchetto corrotto #240: 
	Timestamp: 436
	Data: X

Pacchetto corrotto #241: 
	Timestamp: 807
	Data: P

Pacchetto corrotto #242: 
	Timestamp: 342
	Data: J

Pacchetto corrotto #243: 
	Timestamp: 742
	Data: C

Pacchetto corrotto #244: 
	Timestamp: 831
	Data: T

Pacchetto corrotto #245: 
	Timestamp: 441
	Data: P

Pacchetto corrotto #246: 
	Timestamp: 752
	Data: D

Pacchetto corrotto #247: 
	Timestamp: 792
	Data: q

Pacchetto corrotto #248: 
	Timestamp: 290
	Data: a

Pacchetto corrotto #249: 
	Timestamp: 23
	Data: x

Pacchetto corrotto #250: 
	Timestamp: 892
	Data: E

Pacchetto corrotto #251: 
	Timestamp: 230
	Data: Q

Pacchetto corrotto #252: 
	Timestamp: 677
	Data: a

Pacchetto corrotto #253: 
	Timestamp: 682
	Data: Z

Pacchetto corrotto #254: 
	Timestamp: 80
	Data: l

Pacchetto corrotto #255: 
	Timestamp: 475
	Data: u

Pacchetto corrotto #256: 
	Timestamp: 20
	Data: m

Pacchetto corrotto #257: 
	Timestamp: 299
	Data: x

Pacchetto corrotto #258: 
	Timestamp: 713
	Data: M

Pacchetto corrotto #259: 
	Timestamp: 233
	Data: L

Pacchetto corrotto #260: 
	Timestamp: 801
	Data: d

Pacchetto corrotto #261: 
	Timestamp: 282
	Data: Y

Pacchetto corrotto #262: 
	Timestamp: 451
	Data: j

Pacchetto corrotto #263: 
	Timestamp: 285
	Data: c

Pacchetto corrotto #264: 
	Timestamp: 237
	Data: G

Pacchetto corrotto #265: 
	Timestamp: 279
	Data: C

Pacchetto corrotto #266: 
	Timestamp: 253
	Data: W

Pacchetto corrotto #267: 
	Timestamp: 355
	Data: H

Pacchetto corrotto #268: 
	Timestamp: 890
	Data: X

Pacchetto corrotto #269: 
	Timestamp: 908
	Data: N

Pacchetto corrotto #270: 
	Timestamp: 31
	Data: t

Pacchetto corrotto #271: 
	Timestamp: 570
	Data: P

Pacchetto corrotto #272: 
	Timestamp: 597
	Data: o

Pacchetto corrotto #273: 
	Timestamp: 596
	Data: M

Pacchetto corrotto #274: 
	Timestamp: 359
	Data: g

Pacchetto corrotto #275: 
	Timestamp: 369
	Data: D

Pacchetto corrotto #276: 
	Timestamp: 996
	Data: K

Pacchetto corrotto #277: 
	Timestamp: 618
	Data: B

Pacchetto corrotto #278: 
	Timestamp: 926
	Data: e

Pacchetto corrotto #279: 
	Timestamp: 514
	Data: s

Pacchetto corrotto #280: 
	Timestamp: 141
	Data: i

Pacchetto corrotto #281: 
	Timestamp: 880
	Data: t

Pacchetto corrotto #282: 
	Timestamp: 284
	Data: A

Pacchetto corrotto #283: 
	Timestamp: 164
	Data: I

Pacchetto corrotto #284: 
	Timestamp: 521
	Data: q

Pacchetto corrotto #285: 
	Timestamp: 77
	Data: U

Pacchetto corrotto #286: 
	Timestamp: 540
	Data: l

Pacchetto corrotto #287: 
	Timestamp: 393
	Data: f

Pacchetto corrotto #288: 
	Timestamp: 979
	Data: v

Pacchetto corrotto #289: 
	Timestamp: 262
	Data: E

Pacchetto corrotto #290: 
	Timestamp: 997
	Data: N

Pacchetto corrotto #291: 
	Timestamp: 617
	Data: n

Pacchetto corrotto #292: 
	Timestamp: 172
	Data: K

Pacchetto corrotto #293: 
	Timestamp: 642
	Data: B

Pacchetto corrotto #294: 
	Timestamp: 372
	Data: p

Pacchetto corrotto #295: 
	Timestamp: 977
	Data: j

Pacchetto corrotto #296: 
	Timestamp: 12
	Data: f

Pacchetto corrotto #297: 
	Timestamp: 256
	Data: l

Pacchetto corrotto #298: 
	Timestamp: 106
	Data: H

Pacchetto corrotto #299: 
	Timestamp: 85
	Data: P

Pacchetto corrotto #300: 
	Timestamp: 202
	Data: b

Pacchetto corrotto #301: 
	Timestamp: 15
	Data: z

Pacchetto corrotto #302: 
	Timestamp: 474
	Data: A

Pacchetto corrotto #303: 
	Timestamp: 932
	Data: Z

Pacchetto corrotto #304: 
	Timestamp: 921
	Data: u

Pacchetto corrotto #305: 
	Timestamp: 502
	Data: F

Pacchetto corrotto #306: 
	Timestamp: 776
	Data: Z

Pacchetto corrotto #307: 
	Timestamp: 753
	Data: k

Pacchetto corrotto #308: 
	Timestamp: 935
	Data: X

Pacchetto corrotto #309: 
	Timestamp: 367
	Data: v

Pacchetto corrotto #310: 
	Timestamp: 870
	Data: y

Pacchetto corrotto #311: 
	Timestamp: 310
	Data: i

Pacchetto corrotto #312: 
	Timestamp: 810
	Data: b

Pacchetto corrotto #313: 
	Timestamp: 945
	Data: y

Pacchetto corrotto #314: 
	Timestamp: 855
	Data: d

Pacchetto corrotto #315: 
	Timestamp: 572
	Data: b

Pacchetto corrotto #316: 
	Timestamp: 150
	Data: i

Pacchetto corrotto #317: 
	Timestamp: 144
	Data: U

Pacchetto corrotto #318: 
	Timestamp: 593
	Data: g

Pacchetto corrotto #319: 
	Timestamp: 515
	Data: q

Pacchetto corrotto #320: 
	Timestamp: 260
	Data: f

Pacchetto corrotto #321: 
	Timestamp: 319
	Data: j

Pacchetto corrotto #322: 
	Timestamp: 500
	Data: h

Pacchetto corrotto #323: 
	Timestamp: 75
	Data: k

Pacchetto corrotto #324: 
	Timestamp: 815
	Data: f

Pacchetto corrotto #325: 
	Timestamp: 460
	Data: T

Pacchetto corrotto #326: 
	Timestamp: 546
	Data: r

Pacchetto corrotto #327: 
	Timestamp: 639
	Data: O

Pacchetto corrotto #328: 
	Timestamp: 586
	Data: m

Pacchetto corrotto #329: 
	Timestamp: 910
	Data: q

Pacchetto corrotto #330: 
	Timestamp: 816
	Data: Z

Pacchetto corrotto #331: 
	Timestamp: 139
	Data: Q

Pacchetto corrotto #332: 
	Timestamp: 620
	Data: B

Pacchetto corrotto #333: 
	Timestamp: 34
	Data: k

Pacchetto corrotto #334: 
	Timestamp: 101
	Data: G

Pacchetto corrotto #335: 
	Timestamp: 781
	Data: s

Pacchetto corrotto #336: 
	Timestamp: 594
	Data: C

Pacchetto corrotto #337: 
	Timestamp: 577
	Data: a

Pacchetto corrotto #338: 
	Timestamp: 234
	Data: L

Pacchetto corrotto #339: 
	Timestamp: 833
	Data: m

Pacchetto corrotto #340: 
	Timestamp: 506
	Data: x

Pacchetto corrotto #341: 
	Timestamp: 429
	Data: V

Pacchetto corrotto #342: 
	Timestamp: 986
	Data: X

Pacchetto corrotto #343: 
	Timestamp: 629
	Data: I

Pacchetto corrotto #344: 
	Timestamp: 35
	Data: M

Pacchetto corrotto #345: 
	Timestamp: 227
	Data: a

Pacchetto corrotto #346: 
	Timestamp: 46
	Data: X

Pacchetto corrotto #347: 
	Timestamp: 912
	Data: Y

Pacchetto corrotto #348: 
	Timestamp: 147
	Data: R

Pacchetto corrotto #349: 
	Timestamp: 25
	Data: u

Pacchetto corrotto #350: 
	Timestamp: 36
	Data: F

Pacchetto corrotto #351: 
	Timestamp: 373
	Data: X

Pacchetto corrotto #352: 
	Timestamp: 802
	Data: K

Pacchetto corrotto #353: 
	Timestamp: 934
	Data: X

Pacchetto corrotto #354: 
	Timestamp: 267
	Data: C

Pacchetto corrotto #355: 
	Timestamp: 362
	Data: V

Pacchetto corrotto #356: 
	Timestamp: 497
	Data: Y

Pacchetto corrotto #357: 
	Timestamp: 168
	Data: R

Pacchetto corrotto #358: 
	Timestamp: 822
	Data: k

Pacchetto corrotto #359: 
	Timestamp: 533
	Data: Q

Pacchetto corrotto #360: 
	Timestamp: 587
	Data: S

Pacchetto corrotto #361: 
	Timestamp: 357
	Data: b

Pacchetto corrotto #362: 
	Timestamp: 49
	Data: a

Pacchetto corrotto #363: 
	Timestamp: 615
	Data: X

Pacchetto corrotto #364: 
	Timestamp: 407
	Data: L

Pacchetto corrotto #365: 
	Timestamp: 946
	Data: k

Pacchetto corrotto #366: 
	Timestamp: 55
	Data: G

Pacchetto corrotto #367: 
	Timestamp: 43
	Data: u

Pacchetto corrotto #368: 
	Timestamp: 835
	Data: U

Pacchetto corrotto #369: 
	Timestamp: 511
	Data: H

Pacchetto corrotto #370: 
	Timestamp: 522
	Data: L

Pacchetto corrotto #371: 
	Timestamp: 311
	Data: e

Pacchetto corrotto #372: 
	Timestamp: 626
	Data: d

Pacchetto corrotto #373: 
	Timestamp: 255
	Data: G

Pacchetto corrotto #374: 
	Timestamp: 773
	Data: p

Pacchetto corrotto #375: 
	Timestamp: 217
	Data: a

Pacchetto corrotto #376: 
	Timestamp: 335
	Data: P

Pacchetto corrotto #377: 
	Timestamp: 261
	Data: V

Pacchetto corrotto #378: 
	Timestamp: 365
	Data: F

Pacchetto corrotto #379: 
	Timestamp: 66
	Data: F

Pacchetto corrotto #380: 
	Timestamp: 692
	Data: O

Pacchetto corrotto #381: 
	Timestamp: 527
	Data: g

Pacchetto corrotto #382: 
	Timestamp: 718
	Data: b

Pacchetto corrotto #383: 
	Timestamp: 140
	Data: t

Pacchetto corrotto #384: 
	Timestamp: 5
	Data: J

Pacchetto corrotto #385: 
	Timestamp: 58
	Data: x

Pacchetto corrotto #386: 
	Timestamp: 423
	Data: H

Pacchetto corrotto #387: 
	Timestamp: 583
	Data: b

Pacchetto corrotto #388: 
	Timestamp: 91
	Data: d

Pacchetto corrotto #389: 
	Timestamp: 928
	Data: e

Pacchetto corrotto #390: 
	Timestamp: 95
	Data: r

Pacchetto corrotto #391: 
	Timestamp: 604
	Data: D

Pacchetto corrotto #392: 
	Timestamp: 758
	Data: O

Pacchetto corrotto #393: 
	Timestamp: 994
	Data: o

Pacchetto corrotto #394: 
	Timestamp: 185
	Data: L

Pacchetto corrotto #395: 
	Timestamp: 656
	Data: i

Pacchetto corrotto #396: 
	Timestamp: 208
	Data: w

Pacchetto corrotto #397: 
	Timestamp: 702
	Data: M

Pacchetto corrotto #398: 
	Timestamp: 817
	Data: o

Pacchetto corrotto #399: 
	Timestamp: 709
	Data: K

Pacchetto corrotto #400: 
	Timestamp: 19
	Data: j

Pacchetto corrotto #401: 
	Timestamp: 126
	Data: a

Pacchetto corrotto #402: 
	Timestamp: 292
	Data: U

Pacchetto corrotto #403: 
	Timestamp: 54
	Data: s

Pacchetto corrotto #404: 
	Timestamp: 64
	Data: B

Pacchetto corrotto #405: 
	Timestamp: 155
	Data: O

Pacchetto corrotto #406: 
	Timestamp: 113
	Data: z

Pacchetto corrotto #407: 
	Timestamp: 79
	Data: N

Pacchetto corrotto #408: 
	Timestamp: 750
	Data: Q

Pacchetto corrotto #409: 
	Timestamp: 826
	Data: g

Pacchetto corrotto #410: 
	Timestamp: 102
	Data: i

Pacchetto corrotto #411: 
	Timestamp: 82
	Data: p

Pacchetto corrotto #412: 
	Timestamp: 992
	Data: z

Pacchetto corrotto #413: 
	Timestamp: 326
	Data: G

Pacchetto corrotto #414: 
	Timestamp: 544
	Data: O

Pacchetto corrotto #415: 
	Timestamp: 920
	Data: x

Pacchetto corrotto #416: 
	Timestamp: 321
	Data: B

Pacchetto corrotto #417: 
	Timestamp: 510
	Data: g

Pacchetto corrotto #418: 
	Timestamp: 879
	Data: I

Pacchetto corrotto #419: 
	Timestamp: 689
	Data: I

Pacchetto corrotto #420: 
	Timestamp: 560
	Data: k

Pacchetto corrotto #421: 
	Timestamp: 193
	Data: i

Pacchetto corrotto #422: 
	Timestamp: 482
	Data: x

Pacchetto corrotto #423: 
	Timestamp: 679
	Data: L

Pacchetto corrotto #424: 
	Timestamp: 836
	Data: W

Pacchetto corrotto #425: 
	Timestamp: 953
	Data: l

Pacchetto corrotto #426: 
	Timestamp: 298
	Data: U

Pacchetto corrotto #427: 
	Timestamp: 601
	Data: h

Pacchetto corrotto #428: 
	Timestamp: 377
	Data: L

Pacchetto corrotto #429: 
	Timestamp: 360
	Data: V

Pacchetto corrotto #430: 
	Timestamp: 808
	Data: P

Pacchetto corrotto #431: 
	Timestamp: 339
	Data: c

Pacchetto corrotto #432: 
	Timestamp: 504
	Data: b

Pacchetto corrotto #433: 
	Timestamp: 293
	Data: T

Pacchetto corrotto #434: 
	Timestamp: 318
	Data: b

Pacchetto corrotto #435: 
	Timestamp: 905
	Data: R

Pacchetto corrotto #436: 
	Timestamp: 763
	Data: U

Pacchetto corrotto #437: 
	Timestamp: 767
	Data: d

Pacchetto corrotto #438: 
	Timestamp: 190
	Data: W

Pacchetto corrotto #439: 
	Timestamp: 710
	Data: M

Pacchetto corrotto #440: 
	Timestamp: 845
	Data: P

Pacchetto corrotto #441: 
	Timestamp: 184
	Data: j

Pacchetto corrotto #442: 
	Timestamp: 915
	Data: D

Pacchetto corrotto #443: 
	Timestamp: 765
	Data: v

Pacchetto corrotto #444: 
	Timestamp: 811
	Data: s

Pacchetto corrotto #445: 
	Timestamp: 110
	Data: I

Pacchetto corrotto #446: 
	Timestamp: 534
	Data: o

Pacchetto corrotto #447: 
	Timestamp: 868
	Data: n

Pacchetto corrotto #448: 
	Timestamp: 479
	Data: d

Pacchetto corrotto #449: 
	Timestamp: 203
	Data: G

Pacchetto corrotto #450: 
	Timestamp: 665
	Data: D

Pacchetto corrotto #451: 
	Timestamp: 170
	Data: c

Pacchetto corrotto #452: 
	Timestamp: 271
	Data: y

Pacchetto corrotto #453: 
	Timestamp: 516
	Data: d

Pacchetto corrotto #454: 
	Timestamp: 334
	Data: K

Pacchetto corrotto #455: 
	Timestamp: 394
	Data: W

Pacchetto corrotto #456: 
	Timestamp: 174
	Data: e

Pacchetto corrotto #457: 
	Timestamp: 408
	Data: J

Pacchetto corrotto #458: 
	Timestamp: 165
	Data: G

Pacchetto corrotto #459: 
	Timestamp: 219
	Data: K

Pacchetto corrotto #460: 
	Timestamp: 65
	Data: T

Pacchetto corrotto #461: 
	Timestamp: 720
	Data: p

Pacchetto corrotto #462: 
	Timestamp: 606
	Data: P

Pacchetto corrotto #463: 
	Timestamp: 839
	Data: N

Pacchetto corrotto #464: 
	Timestamp: 231
	Data: l

Pacchetto corrotto #465: 
	Timestamp: 481
	Data: i

Pacchetto corrotto #466: 
	Timestamp: 898
	Data: p

Pacchetto corrotto #467: 
	Timestamp: 387
	Data: g

Pacchetto corrotto #468: 
	Timestamp: 383
	Data: i

Pacchetto corrotto #469: 
	Timestamp: 358
	Data: C

Pacchetto corrotto #470: 
	Timestamp: 347
	Data: y

Pacchetto corrotto #471: 
	Timestamp: 121
	Data: l

Pacchetto corrotto #472: 
	Timestamp: 658
	Data: X

Pacchetto corrotto #473: 
	Timestamp: 595
	Data: L

Pacchetto corrotto #474: 
	Timestamp: 909
	Data: W

Pacchetto corrotto #475: 
	Timestamp: 89
	Data: c

Pacchetto corrotto #476: 
	Timestamp: 644
	Data: G

Pacchetto corrotto #477: 
	Timestamp: 760
	Data: q

Pacchetto corrotto #478: 
	Timestamp: 26
	Data: P

Pacchetto corrotto #479: 
	Timestamp: 210
	Data: P

Pacchetto corrotto #480: 
	Timestamp: 662
	Data: r

Pacchetto corrotto #481: 
	Timestamp: 120
	Data: G

Pacchetto corrotto #482: 
	Timestamp: 93
	Data: X

Pacchetto corrotto #483: 
	Timestamp: 496
	Data: T

Pacchetto corrotto #484: 
	Timestamp: 707
	Data: v

Pacchetto corrotto #485: 
	Timestamp: 971
	Data: z

Pacchetto corrotto #486: 
	Timestamp: 2
	Data: f

Pacchetto corrotto #487: 
	Timestamp: 978
	Data: k

Pacchetto corrotto #488: 
	Timestamp: 840
	Data: Y

Pacchetto corrotto #489: 
	Timestamp: 988
	Data: p

Pacchetto corrotto #490: 
	Timestamp: 97
	Data: M

Pacchetto corrotto #491: 
	Timestamp: 939
	Data: w

Pacchetto corrotto #492: 
	Timestamp: 739
	Data: Y

Pacchetto corrotto #493: 
	Timestamp: 364
	Data: p

Pacchetto corrotto #494: 
	Timestamp: 329
	Data: I

Pacchetto corrotto #495: 
	Timestamp: 415
	Data: i

Pacchetto corrotto #496: 
	Timestamp: 73
	Data: q

Pacchetto corrotto #497: 
	Timestamp: 584
	Data: G

Pacchetto corrotto #498: 
	Timestamp: 337
	Data: g

Pacchetto corrotto #499: 
	Timestamp: 312
	Data: S

Pacchetto corrotto #500: 
	Timestamp: 378
	Data: q

Pacchetto corrotto #501: 
	Timestamp: 389
	Data: W

Pacchetto corrotto #502: 
	Timestamp: 468
	Data: P

Pacchetto corrotto #503: 
	Timestamp: 473
	Data: Y

Pacchetto corrotto #504: 
	Timestamp: 51
	Data: y

Pacchetto corrotto #505: 
	Timestamp: 998
	Data: T

Pacchetto corrotto #506: 
	Timestamp: 87
	Data: k

Pacchetto corrotto #507: 
	Timestamp: 872
	Data: o

Pacchetto corrotto #508: 
	Timestamp: 56
	Data: A

Pacchetto corrotto #509: 
	Timestamp: 381
	Data: G

Pacchetto corrotto #510: 
	Timestamp: 432
	Data: Y

Pacchetto corrotto #511: 
	Timestamp: 142
	Data: Z

Pacchetto corrotto #512: 
	Timestamp: 827
	Data: C

Pacchetto corrotto #513: 
	Timestamp: 414
	Data: G

Pacchetto corrotto #514: 
	Timestamp: 955
	Data: I

Pacchetto corrotto #515: 
	Timestamp: 555
	Data: B

Pacchetto corrotto #516: 
	Timestamp: 993
	Data: b

Pacchetto corrotto #517: 
	Timestamp: 484
	Data: l

Pacchetto corrotto #518: 
	Timestamp: 28
	Data: a

Pacchetto corrotto #519: 
	Timestamp: 198
	Data: M

Pacchetto corrotto #520: 
	Timestamp: 541
	Data: d

Pacchetto corrotto #521: 
	Timestamp: 81
	Data: M

