
Numero di misure lette: 300
Numero di misure con carica positiva: 130 (43.3333%)
Numero di misure con carica neutra: 19 (6.33333%)
Numero di misure con carica negativa: 151 (50.3333%)


----------------------------------------------------

Rapidita' delle prime cinque misure:

Carica #1: -1

Carica #2: 2

Carica #3: -5

Carica #4: -5

Carica #5: 4


----------------------------------------------------

Misura #1
   Quadrimpulso: (4.70348, 0.513776, -1.98055, -2.62264)
   Carica: 9
   Eta: -0.629339

Misura #2
   Quadrimpulso: (3.17574, 0.303604, 0.772695, -1.6616)
   Carica: 2
   Eta: -0.580757

Misura #3
   Quadrimpulso: (4.72843, 0.286204, -1.00733, -2.21939)
   Carica: 5
   Eta: -0.509264

Misura #298
   Quadrimpulso: (3.41751, 2.2436, -1.4228, 1.92233)
   Carica: 2
   Eta: 0.636473

Misura #299
   Quadrimpulso: (3.84265, -0.312292, -0.157667, 2.25672)
   Carica: -9
   Eta: 0.67351

Misura #300
   Quadrimpulso: (3.20919, -1.81967, -2.14843, 2.28329)
   Carica: -4
   Eta: 0.890184


----------------------------------------------------

Media della rapidita' di tutte le misure: -0.00139467
Media della rapidita' delle misure di carica positiva: -0.0313314
Media della rapidita' delle misure di carica neutra: -0.0319146
Media della rapidita' delle misure di carica negativa: 0.00589526

Deviazione standard della rapidita' di tutte le misure: 0.224748
Deviazione standard della rapidita' delle misure di carica positiva: 0.219671
Deviazione standard della rapidita' delle misure di carica neutra: 0.0932604
Deviazione standard della rapidita' delle misure di carica negativa: 0.0722019

Valore massimo e minimo delle rapidita' di tutte le misure: 0.890184, -0.629339
Valore massimo e minimo delle rapidita' delle misure di carica positiva: 0.636473, -0.629339
Valore massimo e minimo delle rapidita' delle misure di carica neutra: 0, -0.322664
Valore massimo e minimo delle rapidita' delle misure di carica negativa: 0.890184, 0


Numero di misure lette: 300
Numero di misure con carica positiva: 130 (43.3333%)
Numero di misure con carica neutra: 19 (6.33333%)
Numero di misure con carica negativa: 151 (50.3333%)


----------------------------------------------------

Rapidita' delle prime cinque misure:

Carica #1: -1

Carica #2: 2

Carica #3: -5

Carica #4: -5

Carica #5: 4


----------------------------------------------------

Misura #1
   Quadrimpulso: (4.70348, 0.513776, -1.98055, -2.62264)
   Carica: 9
   Eta: -0.629339

Misura #2
   Quadrimpulso: (3.17574, 0.303604, 0.772695, -1.6616)
   Carica: 2
   Eta: -0.580757

Misura #3
   Quadrimpulso: (4.72843, 0.286204, -1.00733, -2.21939)
   Carica: 5
   Eta: -0.509264

Misura #298
   Quadrimpulso: (3.41751, 2.2436, -1.4228, 1.92233)
   Carica: 2
   Eta: 0.636473

Misura #299
   Quadrimpulso: (3.84265, -0.312292, -0.157667, 2.25672)
   Carica: -9
   Eta: 0.67351

Misura #300
   Quadrimpulso: (3.20919, -1.81967, -2.14843, 2.28329)
   Carica: -4
   Eta: 0.890184


----------------------------------------------------

Media della rapidita' di tutte le misure: -0.00139467
Media della rapidita' delle misure di carica positiva: -0.0313314
Media della rapidita' delle misure di carica neutra: -0.0319146
Media della rapidita' delle misure di carica negativa: 0.00589526

Deviazione standard della rapidita' di tutte le misure: 0.224748
Deviazione standard della rapidita' delle misure di carica positiva: 0.219671
Deviazione standard della rapidita' delle misure di carica neutra: 0.0932604
Deviazione standard della rapidita' delle misure di carica negativa: 0.0722019

Valore massimo e minimo delle rapidita' di tutte le misure: 0.890184, -0.629339
Valore massimo e minimo delle rapidita' delle misure di carica positiva: 0.636473, -0.629339
Valore massimo e minimo delle rapidita' delle misure di carica neutra: 0, -0.322664
Valore massimo e minimo delle rapidita' delle misure di carica negativa: 0.890184, 0

