
Numero di dispositivi: 123
Numero di passi: 20
Distanza max di trasmissione: 1.2
-----------------------------------------------------------

Dispositivo messaggero #1: 
	Coord iniziali: (3, 4) E E N E S O N E N O S N E E N N O E E O
Dispositivo messaggero #2: 
	Coord iniziali: (2, 1) E N N S O S S O E S S S O E N O N O O O
Dispositivo messaggero #3: 
	Coord iniziali: (-4, 1) N O E S N N O N N O O N O E O E S E S E
Dispositivo messaggero #4: 
	Coord iniziali: (3, 4) O S N S N E E O O O O O O E N N N O N E
Dispositivo messaggero #5: 
	Coord iniziali: (2, 4) S S O S N O S E N O E N O N S E S E N E

-----------------------------------------------------------

Massuna distanza tra due dispositivi messaggeri all'istante iniziale: 7.61577

-----------------------------------------------------------

Numero messaggeri al passo #1: 9
Numero messaggeri al passo #2: 17
Numero messaggeri al passo #3: 23
Numero messaggeri al passo #4: 27
Numero messaggeri al passo #5: 31
Numero messaggeri al passo #6: 37
Numero messaggeri al passo #7: 39
Numero messaggeri al passo #8: 45
Numero messaggeri al passo #9: 51
Numero messaggeri al passo #10: 55
Numero messaggeri al passo #11: 65
Numero messaggeri al passo #12: 71
Numero messaggeri al passo #13: 71
Numero messaggeri al passo #14: 71
Numero messaggeri al passo #15: 71
Numero messaggeri al passo #16: 71
Numero messaggeri al passo #17: 75
Numero messaggeri al passo #18: 83
Numero messaggeri al passo #19: 89
Numero messaggeri al passo #20: 91
-----------------------------------------------------------
Numero di dispositivi messaggeri finale: 91

Posizione finale e sequenza delle n mosse dei dispositivi messaggeri:

Posizione finale del dispositivo #1: (3, 4)
Sequenza delle mosse:  E E N E S O N E N O S N E E N N O E E O

Posizione finale del dispositivo #2: (2, 1)
Sequenza delle mosse:  E N N S O S S O E S S S O E N O N O O O

Posizione finale del dispositivo #3: (-4, 1)
Sequenza delle mosse:  N O E S N N O N N O O N O E O E S E S E

Posizione finale del dispositivo #4: (3, 4)
Sequenza delle mosse:  O S N S N E E O O O O O O E N N N O N E

Posizione finale del dispositivo #5: (2, 4)
Sequenza delle mosse:  S S O S N O S E N O E N O N S E S E N E

Posizione finale del dispositivo #6: (3, 1)
Sequenza delle mosse:  E N N S O S S O E S S S O E N O N O O O

Posizione finale del dispositivo #7: (-4, 2)
Sequenza delle mosse:  N O E S N N O N N O O N O E O E S E S E

Posizione finale del dispositivo #8: (-4, 2)
Sequenza delle mosse:  N O E S N N O N N O O N O E O E S E S E

Posizione finale del dispositivo #9: (3, 1)
Sequenza delle mosse:  E N N S O S S O E S S S O E N O N O O O

Posizione finale del dispositivo #10: (5, 4)
Sequenza delle mosse:  E E N E S O N E N O S N E E N N O E E O

Posizione finale del dispositivo #11: (3, 2)
Sequenza delle mosse:  E N N S O S S O E S S S O E N O N O O O

Posizione finale del dispositivo #12: (-5, 2)
Sequenza delle mosse:  N O E S N N O N N O O N O E O E S E S E

Posizione finale del dispositivo #13: (-5, 2)
Sequenza delle mosse:  N O E S N N O N N O O N O E O E S E S E

Posizione finale del dispositivo #14: (-5, 2)
Sequenza delle mosse:  N O E S N N O N N O O N O E O E S E S E

Posizione finale del dispositivo #15: (-5, 2)
Sequenza delle mosse:  N O E S N N O N N O O N O E O E S E S E

Posizione finale del dispositivo #16: (5, 4)
Sequenza delle mosse:  E E N E S O N E N O S N E E N N O E E O

Posizione finale del dispositivo #17: (3, 2)
Sequenza delle mosse:  E N N S O S S O E S S S O E N O N O O O

Posizione finale del dispositivo #18: (5, 5)
Sequenza delle mosse:  E E N E S O N E N O S N E E N N O E E O

Posizione finale del dispositivo #19: (3, 3)
Sequenza delle mosse:  E N N S O S S O E S S S O E N O N O O O

Posizione finale del dispositivo #20: (1, 2)
Sequenza delle mosse:  S S O S N O S E N O E N O N S E S E N E

Posizione finale del dispositivo #21: (1, 2)
Sequenza delle mosse:  S S O S N O S E N O E N O N S E S E N E

Posizione finale del dispositivo #22: (5, 5)
Sequenza delle mosse:  E E N E S O N E N O S N E E N N O E E O

Posizione finale del dispositivo #23: (3, 3)
Sequenza delle mosse:  E N N S O S S O E S S S O E N O N O O O

Posizione finale del dispositivo #24: (6, 5)
Sequenza delle mosse:  E E N E S O N E N O S N E E N N O E E O

Posizione finale del dispositivo #25: (3, 2)
Sequenza delle mosse:  E N N S O S S O E S S S O E N O N O O O

Posizione finale del dispositivo #26: (6, 5)
Sequenza delle mosse:  E E N E S O N E N O S N E E N N O E E O

Posizione finale del dispositivo #27: (3, 2)
Sequenza delle mosse:  E N N S O S S O E S S S O E N O N O O O

Posizione finale del dispositivo #28: (6, 4)
Sequenza delle mosse:  E E N E S O N E N O S N E E N N O E E O

Posizione finale del dispositivo #29: (1, 2)
Sequenza delle mosse:  S S O S N O S E N O E N O N S E S E N E

Posizione finale del dispositivo #30: (1, 2)
Sequenza delle mosse:  S S O S N O S E N O E N O N S E S E N E

Posizione finale del dispositivo #31: (6, 4)
Sequenza delle mosse:  E E N E S O N E N O S N E E N N O E E O

Posizione finale del dispositivo #32: (5, 4)
Sequenza delle mosse:  E E N E S O N E N O S N E E N N O E E O

Posizione finale del dispositivo #33: (-4, 3)
Sequenza delle mosse:  N O E S N N O N N O O N O E O E S E S E

Posizione finale del dispositivo #34: (0, 2)
Sequenza delle mosse:  S S O S N O S E N O E N O N S E S E N E

Posizione finale del dispositivo #35: (0, 2)
Sequenza delle mosse:  S S O S N O S E N O E N O N S E S E N E

Posizione finale del dispositivo #36: (5, 4)
Sequenza delle mosse:  E E N E S O N E N O S N E E N N O E E O

Posizione finale del dispositivo #37: (-4, 3)
Sequenza delle mosse:  N O E S N N O N N O O N O E O E S E S E

Posizione finale del dispositivo #38: (5, 5)
Sequenza delle mosse:  E E N E S O N E N O S N E E N N O E E O

Posizione finale del dispositivo #39: (5, 5)
Sequenza delle mosse:  E E N E S O N E N O S N E E N N O E E O

Posizione finale del dispositivo #40: (6, 5)
Sequenza delle mosse:  E E N E S O N E N O S N E E N N O E E O

Posizione finale del dispositivo #41: (3, 4)
Sequenza delle mosse:  O S N S N E E O O O O O O E N N N O N E

Posizione finale del dispositivo #42: (1, 1)
Sequenza delle mosse:  S S O S N O S E N O E N O N S E S E N E

Posizione finale del dispositivo #43: (1, 1)
Sequenza delle mosse:  S S O S N O S E N O E N O N S E S E N E

Posizione finale del dispositivo #44: (3, 4)
Sequenza delle mosse:  O S N S N E E O O O O O O E N N N O N E

Posizione finale del dispositivo #45: (6, 5)
Sequenza delle mosse:  E E N E S O N E N O S N E E N N O E E O

Posizione finale del dispositivo #46: (2, 0)
Sequenza delle mosse:  E N N S O S S O E S S S O E N O N O O O

Posizione finale del dispositivo #47: (-5, 5)
Sequenza delle mosse:  N O E S N N O N N O O N O E O E S E S E

Posizione finale del dispositivo #48: (2, 4)
Sequenza delle mosse:  O S N S N E E O O O O O O E N N N O N E

Posizione finale del dispositivo #49: (2, 0)
Sequenza delle mosse:  E N N S O S S O E S S S O E N O N O O O

Posizione finale del dispositivo #50: (-5, 5)
Sequenza delle mosse:  N O E S N N O N N O O N O E O E S E S E

Posizione finale del dispositivo #51: (2, 4)
Sequenza delle mosse:  O S N S N E E O O O O O O E N N N O N E

Posizione finale del dispositivo #52: (1, 4)
Sequenza delle mosse:  O S N S N E E O O O O O O E N N N O N E

Posizione finale del dispositivo #53: (1, 4)
Sequenza delle mosse:  O S N S N E E O O O O O O E N N N O N E

Posizione finale del dispositivo #54: (1, 4)
Sequenza delle mosse:  O S N S N E E O O O O O O E N N N O N E

Posizione finale del dispositivo #55: (1, 4)
Sequenza delle mosse:  O S N S N E E O O O O O O E N N N O N E

Posizione finale del dispositivo #56: (5, 5)
Sequenza delle mosse:  E E N E S O N E N O S N E E N N O E E O

Posizione finale del dispositivo #57: (5, 5)
Sequenza delle mosse:  E E N E S O N E N O S N E E N N O E E O

Posizione finale del dispositivo #58: (5, 5)
Sequenza delle mosse:  E E N E S O N E N O S N E E N N O E E O

Posizione finale del dispositivo #59: (0, 4)
Sequenza delle mosse:  O S N S N E E O O O O O O E N N N O N E

Posizione finale del dispositivo #60: (0, 4)
Sequenza delle mosse:  O S N S N E E O O O O O O E N N N O N E

Posizione finale del dispositivo #61: (0, 4)
Sequenza delle mosse:  O S N S N E E O O O O O O E N N N O N E

Posizione finale del dispositivo #62: (5, 5)
Sequenza delle mosse:  E E N E S O N E N O S N E E N N O E E O

Posizione finale del dispositivo #63: (5, 5)
Sequenza delle mosse:  E E N E S O N E N O S N E E N N O E E O

Posizione finale del dispositivo #64: (5, 5)
Sequenza delle mosse:  E E N E S O N E N O S N E E N N O E E O

Posizione finale del dispositivo #65: (0, 4)
Sequenza delle mosse:  O S N S N E E O O O O O O E N N N O N E

Posizione finale del dispositivo #66: (5, 6)
Sequenza delle mosse:  E E N E S O N E N O S N E E N N O E E O

Posizione finale del dispositivo #67: (-1, 4)
Sequenza delle mosse:  O S N S N E E O O O O O O E N N N O N E

Posizione finale del dispositivo #68: (-1, 4)
Sequenza delle mosse:  O S N S N E E O O O O O O E N N N O N E

Posizione finale del dispositivo #69: (-1, 4)
Sequenza delle mosse:  O S N S N E E O O O O O O E N N N O N E

Posizione finale del dispositivo #70: (5, 6)
Sequenza delle mosse:  E E N E S O N E N O S N E E N N O E E O

Posizione finale del dispositivo #71: (-1, 4)
Sequenza delle mosse:  O S N S N E E O O O O O O E N N N O N E

Posizione finale del dispositivo #72: (6, 8)
Sequenza delle mosse:  E E N E S O N E N O S N E E N N O E E O

Posizione finale del dispositivo #73: (1, -1)
Sequenza delle mosse:  E N N S O S S O E S S S O E N O N O O O

Posizione finale del dispositivo #74: (6, 8)
Sequenza delle mosse:  E E N E S O N E N O S N E E N N O E E O

Posizione finale del dispositivo #75: (1, -1)
Sequenza delle mosse:  E N N S O S S O E S S S O E N O N O O O

Posizione finale del dispositivo #76: (7, 8)
Sequenza delle mosse:  E E N E S O N E N O S N E E N N O E E O

Posizione finale del dispositivo #77: (0, -1)
Sequenza delle mosse:  E N N S O S S O E S S S O E N O N O O O

Posizione finale del dispositivo #78: (-6, 5)
Sequenza delle mosse:  N O E S N N O N N O O N O E O E S E S E

Posizione finale del dispositivo #79: (-2, 7)
Sequenza delle mosse:  O S N S N E E O O O O O O E N N N O N E

Posizione finale del dispositivo #80: (-2, 7)
Sequenza delle mosse:  O S N S N E E O O O O O O E N N N O N E

Posizione finale del dispositivo #81: (-6, 5)
Sequenza delle mosse:  N O E S N N O N N O O N O E O E S E S E

Posizione finale del dispositivo #82: (0, -1)
Sequenza delle mosse:  E N N S O S S O E S S S O E N O N O O O

Posizione finale del dispositivo #83: (7, 8)
Sequenza delle mosse:  E E N E S O N E N O S N E E N N O E E O

Posizione finale del dispositivo #84: (8, 8)
Sequenza delle mosse:  E E N E S O N E N O S N E E N N O E E O

Posizione finale del dispositivo #85: (-2, 8)
Sequenza delle mosse:  O S N S N E E O O O O O O E N N N O N E

Posizione finale del dispositivo #86: (2, 3)
Sequenza delle mosse:  S S O S N O S E N O E N O N S E S E N E

Posizione finale del dispositivo #87: (2, 3)
Sequenza delle mosse:  S S O S N O S E N O E N O N S E S E N E

Posizione finale del dispositivo #88: (8, 8)
Sequenza delle mosse:  E E N E S O N E N O S N E E N N O E E O

Posizione finale del dispositivo #89: (-2, 8)
Sequenza delle mosse:  O S N S N E E O O O O O O E N N N O N E

Posizione finale del dispositivo #90: (7, 8)
Sequenza delle mosse:  E E N E S O N E N O S N E E N N O E E O

Posizione finale del dispositivo #91: (7, 8)
Sequenza delle mosse:  E E N E S O N E N O S N E E N N O E E O

Massima distanza tra due dispositivi messaggeri: 14.3178
