Bersaglio #1: 
   Coordinate (x, y): (679.82, -379.579)
   Capacita': 1, Intatto

Bersaglio #2: 
   Coordinate (x, y): (628.654, 106.193)
   Capacita': 3, Intatto

Bersaglio #3: 
   Coordinate (x, y): (813.169, 303.502)
   Capacita': 12, Intatto

Bersaglio #4: 
   Coordinate (x, y): (836.681, 92.8114)
   Capacita': -2, Distrutto

Bersaglio #11: 
   Coordinate (x, y): (806.942, -87.6272)
   Capacita': -4, Distrutto

Bersaglio #18: 
   Coordinate (x, y): (288.088, 92.956)
   Capacita': -3, Distrutto



--------------------------------------

Numero di colpi sparati: 110



--------------------------------------

Numero di bersaglli distrutti: 5
Numero di colpi andati a segno: 51
Danno totale: 37.7952

Colpo più lontano: 
   Alzo e angolo (θ, φ): (0.538, -0.073)
   Coordinate (x, y): (894.721, -65.4309)

Colpo più vicino: 
   Alzo e angolo (θ, φ): (0.538, -0.073)
   Coordinate (x, y): (894.721, -65.4309)

