
------------------------------------------------

Prime e ultime tre misure caricate

Misura #1: 
   Istante: 274
   Valore: 0
   Temperatura: 57
   Stato:  

Misura #2: 
   Istante: 66
   Valore: 0
   Temperatura: 14
   Stato:  

Misura #3: 
   Istante: 258
   Valore: 0
   Temperatura: 72
   Stato:  

Misura #278: 
   Istante: 243
   Valore: 0
   Temperatura: 96
   Stato:  

Misura #279: 
   Istante: 177
   Valore: 0
   Temperatura: 1
   Stato:  

Misura #280: 
   Istante: 99
   Valore: 0
   Temperatura: 1
   Stato:  


------------------------------------------------

Numero di misure rimaste: 150
Frequenza di 0: 72
Frequenza di 1: 78


------------------------------------------------

Prime e ultime tre misure in ordine di tempo

Misura #1: 
   Istante: 0
   Valore: 1
   Temperatura: 23
   Stato:  

Misura #2: 
   Istante: 1
   Valore: 1
   Temperatura: 5
   Stato:  

Misura #3: 
   Istante: 2
   Valore: 1
   Temperatura: 1
   Stato:  

Misura #148: 
   Istante: 177
   Valore: 0
   Temperatura: 1
   Stato:  

Misura #149: 
   Istante: 178
   Valore: 1
   Temperatura: 12
   Stato:  

Misura #150: 
   Istante: 179
   Valore: 1
   Temperatura: 15
   Stato:  


------------------------------------------------

Prime e ultime tre misure riferite al primo stato +: 

Misura #91: 
   Istante: 120
   Valore: 1
   Temperatura: 4
   Stato: +

Misura #92: 
   Istante: 121
   Valore: 1
   Temperatura: 26
   Stato: +

Misura #93: 
   Istante: 122
   Valore: 0
   Temperatura: 4
   Stato: +

Misura #147: 
   Istante: 176
   Valore: 0
   Temperatura: 2
   Stato: +

Misura #148: 
   Istante: 177
   Valore: 0
   Temperatura: 1
   Stato: +

Misura #149: 
   Istante: 178
   Valore: 1
   Temperatura: 12
   Stato: +

